WARNING:__main__:USERS TO INIT in t=0 17
WARNING:__main__:USERS IN STATION BEFORE t=0 26
WARNING:__main__:USER 0 to 12
WARNING:__main__:USER 1 to 23
WARNING:__main__:USER 2 to 28
WARNING:__main__:USER 3 to 23
WARNING:__main__:USER 4 to 1
WARNING:__main__:USER 5 to 14
WARNING:__main__:USER 6 to 12
WARNING:__main__:USER 7 to 8
WARNING:__main__:USER 8 to 16
WARNING:__main__:USER 9 to 18
WARNING:__main__:USER 10 to 2
WARNING:__main__:USER 11 to 17
WARNING:__main__:USER 12 to 11
WARNING:__main__:USER 13 to 16
WARNING:__main__:USER 14 to 18
WARNING:__main__:USER 15 to 17
WARNING:__main__:USER 16 to 22
WARNING:__main__:USER 17 to 6
WARNING:__main__:USER 18 to 12
WARNING:__main__:USER 19 to 15
WARNING:__main__:USER 20 to 4
WARNING:__main__:USER 21 to 9
WARNING:__main__:USER 22 to 8
WARNING:__main__:USER 23 to 5
WARNING:__main__:USER 24 to 23
WARNING:__main__:USER 25 to 3
WARNING:__main__:USERS TO INIT in t=0 10
WARNING:__main__:USERS IN STATION BEFORE t=0 23
WARNING:__main__:USER 0 to 13
WARNING:__main__:USER 1 to 0
WARNING:__main__:USER 2 to 9
WARNING:__main__:USER 3 to 8
WARNING:__main__:USER 4 to 20
WARNING:__main__:USER 5 to 1
WARNING:__main__:USER 6 to 24
WARNING:__main__:USER 7 to 8
WARNING:__main__:USER 8 to 25
WARNING:__main__:USER 9 to 6
WARNING:__main__:USER 10 to 11
WARNING:__main__:USER 11 to 9
WARNING:__main__:USER 12 to 3
WARNING:__main__:USER 13 to 2
WARNING:__main__:USER 14 to 1
WARNING:__main__:USER 15 to 28
WARNING:__main__:USER 16 to 14
WARNING:__main__:USER 17 to 15
WARNING:__main__:USER 18 to 19
WARNING:__main__:USER 19 to 19
WARNING:__main__:USER 20 to 4
WARNING:__main__:USER 21 to 27
WARNING:__main__:USER 22 to 6
WARNING:__main__:USERS TO INIT in t=0 18
WARNING:__main__:USERS IN STATION BEFORE t=0 6
WARNING:__main__:USER 0 to 27
WARNING:__main__:USER 1 to 10
WARNING:__main__:USER 2 to 3
WARNING:__main__:USER 3 to 28
WARNING:__main__:USER 4 to 21
WARNING:__main__:USER 5 to 2
WARNING:__main__:Bazowa lambda to teraz 0.095
ERROR:root:Time : 0 ms, lambda changed to : 0.0475
WARNING:__main__:USERS TO INIT in t=0 29
WARNING:__main__:USERS IN STATION BEFORE t=0 8
WARNING:__main__:USER 0 to 10
WARNING:__main__:USER 1 to 22
WARNING:__main__:USER 2 to 28
WARNING:__main__:USER 3 to 21
WARNING:__main__:USER 4 to 14
WARNING:__main__:USER 5 to 9
WARNING:__main__:USER 6 to 2
WARNING:__main__:USER 7 to 8
WARNING:__main__:USERS TO INIT in t=0 20
WARNING:__main__:USERS IN STATION BEFORE t=0 23
WARNING:__main__:USER 0 to 22
WARNING:__main__:USER 1 to 0
WARNING:__main__:USER 2 to 4
WARNING:__main__:USER 3 to 1
WARNING:__main__:USER 4 to 13
WARNING:__main__:USER 5 to 11
WARNING:__main__:USER 6 to 21
WARNING:__main__:USER 7 to 23
WARNING:__main__:USER 8 to 21
WARNING:__main__:USER 9 to 16
WARNING:__main__:USER 10 to 7
WARNING:__main__:USER 11 to 9
WARNING:__main__:USER 12 to 3
WARNING:__main__:USER 13 to 12
WARNING:__main__:USER 14 to 1
WARNING:__main__:USER 15 to 4
WARNING:__main__:USER 16 to 8
WARNING:__main__:USER 17 to 10
WARNING:__main__:USER 18 to 21
WARNING:__main__:USER 19 to 10
WARNING:__main__:USER 20 to 22
WARNING:__main__:USER 21 to 4
WARNING:__main__:USER 22 to 26
WARNING:__main__:USERS TO INIT in t=0 26
WARNING:__main__:USERS IN STATION BEFORE t=0 21
WARNING:__main__:USER 0 to 19
WARNING:__main__:USER 1 to 22
WARNING:__main__:USER 2 to 6
WARNING:__main__:USER 3 to 25
WARNING:__main__:USER 4 to 5
WARNING:__main__:USER 5 to 15
WARNING:__main__:USER 6 to 19
WARNING:__main__:USER 7 to 12
WARNING:__main__:USER 8 to 10
WARNING:__main__:USER 9 to 16
WARNING:__main__:USER 10 to 25
WARNING:__main__:USER 11 to 14
WARNING:__main__:USER 12 to 21
WARNING:__main__:USER 13 to 3
WARNING:__main__:USER 14 to 21
WARNING:__main__:USER 15 to 2
WARNING:__main__:USER 16 to 4
WARNING:__main__:USER 17 to 15
WARNING:__main__:USER 18 to 24
WARNING:__main__:USER 19 to 15
WARNING:__main__:USER 20 to 28
WARNING:__main__:Bazowa lambda to teraz 0.095
ERROR:root:Time : 0 ms, lambda changed to : 0.0475
WARNING:__main__:USERS TO INIT in t=0 5
WARNING:__main__:USERS IN STATION BEFORE t=0 26
WARNING:__main__:USER 0 to 12
WARNING:__main__:USER 1 to 17
WARNING:__main__:USER 2 to 6
WARNING:__main__:USER 3 to 27
WARNING:__main__:USER 4 to 18
WARNING:__main__:USER 5 to 26
WARNING:__main__:USER 6 to 27
WARNING:__main__:USER 7 to 3
WARNING:__main__:USER 8 to 11
WARNING:__main__:USER 9 to 20
WARNING:__main__:USER 10 to 23
WARNING:__main__:USER 11 to 10
WARNING:__main__:USER 12 to 21
WARNING:__main__:USER 13 to 8
WARNING:__main__:USER 14 to 9
WARNING:__main__:USER 15 to 26
WARNING:__main__:USER 16 to 1
WARNING:__main__:USER 17 to 26
WARNING:__main__:USER 18 to 4
WARNING:__main__:USER 19 to 26
WARNING:__main__:USER 20 to 10
WARNING:__main__:USER 21 to 23
WARNING:__main__:USER 22 to 15
WARNING:__main__:USER 23 to 25
WARNING:__main__:USER 24 to 17
WARNING:__main__:USER 25 to 20
WARNING:__main__:USERS TO INIT in t=0 15
WARNING:__main__:USERS IN STATION BEFORE t=0 14
WARNING:__main__:USER 0 to 26
WARNING:__main__:USER 1 to 5
WARNING:__main__:USER 2 to 23
WARNING:__main__:USER 3 to 21
WARNING:__main__:USER 4 to 21
WARNING:__main__:USER 5 to 26
WARNING:__main__:USER 6 to 17
WARNING:__main__:USER 7 to 2
WARNING:__main__:USER 8 to 8
WARNING:__main__:USER 9 to 12
WARNING:__main__:USER 10 to 14
WARNING:__main__:USER 11 to 15
WARNING:__main__:USER 12 to 15
WARNING:__main__:USER 13 to 19
WARNING:__main__:USERS TO INIT in t=0 21
WARNING:__main__:USERS IN STATION BEFORE t=0 23
WARNING:__main__:USER 0 to 25
WARNING:__main__:USER 1 to 13
WARNING:__main__:USER 2 to 18
WARNING:__main__:USER 3 to 12
WARNING:__main__:USER 4 to 28
WARNING:__main__:USER 5 to 23
WARNING:__main__:USER 6 to 11
WARNING:__main__:USER 7 to 21
WARNING:__main__:USER 8 to 7
WARNING:__main__:USER 9 to 15
WARNING:__main__:USER 10 to 15
WARNING:__main__:USER 11 to 15
WARNING:__main__:USER 12 to 8
WARNING:__main__:USER 13 to 9
WARNING:__main__:USER 14 to 16
WARNING:__main__:USER 15 to 0
WARNING:__main__:USER 16 to 2
WARNING:__main__:USER 17 to 17
WARNING:__main__:USER 18 to 27
WARNING:__main__:USER 19 to 25
WARNING:__main__:USER 20 to 12
WARNING:__main__:USER 21 to 25
WARNING:__main__:USER 22 to 1
WARNING:__main__:Bazowa lambda to teraz 0.095
ERROR:root:Time : 0 ms, lambda changed to : 0.0475
WARNING:__main__:USERS TO INIT in t=0 2
WARNING:__main__:USERS IN STATION BEFORE t=0 13
WARNING:__main__:USER 0 to 5
WARNING:__main__:USER 1 to 7
WARNING:__main__:USER 2 to 28
WARNING:__main__:USER 3 to 19
WARNING:__main__:USER 4 to 3
WARNING:__main__:USER 5 to 22
WARNING:__main__:USER 6 to 28
WARNING:__main__:USER 7 to 10
WARNING:__main__:USER 8 to 19
WARNING:__main__:USER 9 to 27
WARNING:__main__:USER 10 to 8
WARNING:__main__:USER 11 to 27
WARNING:__main__:USER 12 to 15
WARNING:__main__:USERS TO INIT in t=0 4
WARNING:__main__:USERS IN STATION BEFORE t=0 8
WARNING:__main__:USER 0 to 11
WARNING:__main__:USER 1 to 10
WARNING:__main__:USER 2 to 21
WARNING:__main__:USER 3 to 12
WARNING:__main__:USER 4 to 25
WARNING:__main__:USER 5 to 14
WARNING:__main__:USER 6 to 1
WARNING:__main__:USER 7 to 8
WARNING:__main__:USERS TO INIT in t=0 24
WARNING:__main__:USERS IN STATION BEFORE t=0 1
WARNING:__main__:USER 0 to 16
WARNING:__main__:Bazowa lambda to teraz 0.095
