WARNING:__main__:USERS TO INIT in t=0 17
WARNING:__main__:USERS IN STATION BEFORE t=0 6
WARNING:__main__:USER 0 to 25
WARNING:__main__:USER 1 to 19
WARNING:__main__:USER 2 to 9
WARNING:__main__:USER 3 to 19
WARNING:__main__:USER 4 to 3
WARNING:__main__:USER 5 to 8
WARNING:__main__:USERS TO INIT in t=0 20
WARNING:__main__:USERS IN STATION BEFORE t=0 5
WARNING:__main__:USER 0 to 21
WARNING:__main__:USER 1 to 7
WARNING:__main__:USER 2 to 28
WARNING:__main__:USER 3 to 16
WARNING:__main__:USER 4 to 26
WARNING:__main__:USERS TO INIT in t=0 16
WARNING:__main__:USERS IN STATION BEFORE t=0 19
WARNING:__main__:USER 0 to 21
WARNING:__main__:USER 1 to 20
WARNING:__main__:USER 2 to 7
WARNING:__main__:USER 3 to 8
WARNING:__main__:USER 4 to 27
WARNING:__main__:USER 5 to 4
WARNING:__main__:USER 6 to 13
WARNING:__main__:USER 7 to 19
WARNING:__main__:USER 8 to 14
WARNING:__main__:USER 9 to 11
WARNING:__main__:USER 10 to 8
WARNING:__main__:USER 11 to 11
WARNING:__main__:USER 12 to 20
WARNING:__main__:USER 13 to 16
WARNING:__main__:USER 14 to 25
WARNING:__main__:USER 15 to 3
WARNING:__main__:USER 16 to 10
WARNING:__main__:USER 17 to 14
WARNING:__main__:USER 18 to 0
WARNING:__main__:Bazowa lambda to teraz 0.1
ERROR:root:Time : 0 ms, lambda changed to : 0.05
ERROR:root:Time : 28800 ms, lambda changed to : 0.075
ERROR:root:Time : 50400 ms, lambda changed to : 0.1
ERROR:root:Time : 64800 ms, lambda changed to : 0.075
WARNING:__main__:Bazowa lambda to teraz 0.09
ERROR:root:Time : 0 ms, lambda changed to : 0.045
ERROR:root:Time : 28800 ms, lambda changed to : 0.0675
ERROR:root:Time : 50400 ms, lambda changed to : 0.09
ERROR:root:Time : 64800 ms, lambda changed to : 0.0675
WARNING:__main__:Bazowa lambda to teraz 0.08
ERROR:root:Time : 0 ms, lambda changed to : 0.04
ERROR:__main__:Stracono u퓓tkownika!!!! przy warto쐁i lambda=0.04
WARNING:__main__:USERS TO INIT in t=0 1
WARNING:__main__:USERS IN STATION BEFORE t=0 9
WARNING:__main__:USER 0 to 27
WARNING:__main__:USER 1 to 21
WARNING:__main__:USER 2 to 10
WARNING:__main__:USER 3 to 1
WARNING:__main__:USER 4 to 2
WARNING:__main__:USER 5 to 15
WARNING:__main__:USER 6 to 4
WARNING:__main__:USER 7 to 11
WARNING:__main__:USER 8 to 8
WARNING:__main__:USERS TO INIT in t=0 22
WARNING:__main__:USERS IN STATION BEFORE t=0 25
WARNING:__main__:USER 0 to 26
WARNING:__main__:USER 1 to 4
WARNING:__main__:USER 2 to 8
WARNING:__main__:USER 3 to 14
WARNING:__main__:USER 4 to 10
WARNING:__main__:USER 5 to 22
WARNING:__main__:USER 6 to 19
WARNING:__main__:USER 7 to 1
WARNING:__main__:USER 8 to 6
WARNING:__main__:USER 9 to 7
WARNING:__main__:USER 10 to 15
WARNING:__main__:USER 11 to 13
WARNING:__main__:USER 12 to 17
WARNING:__main__:USER 13 to 18
WARNING:__main__:USER 14 to 9
WARNING:__main__:USER 15 to 18
WARNING:__main__:USER 16 to 26
WARNING:__main__:USER 17 to 17
WARNING:__main__:USER 18 to 22
WARNING:__main__:USER 19 to 27
WARNING:__main__:USER 20 to 4
WARNING:__main__:USER 21 to 19
WARNING:__main__:USER 22 to 19
WARNING:__main__:USER 23 to 18
WARNING:__main__:USER 24 to 19
WARNING:__main__:USERS TO INIT in t=0 15
WARNING:__main__:USERS IN STATION BEFORE t=0 20
WARNING:__main__:USER 0 to 4
WARNING:__main__:USER 1 to 22
WARNING:__main__:USER 2 to 0
WARNING:__main__:USER 3 to 0
WARNING:__main__:USER 4 to 2
WARNING:__main__:USER 5 to 26
WARNING:__main__:USER 6 to 25
WARNING:__main__:USER 7 to 0
WARNING:__main__:USER 8 to 3
WARNING:__main__:USER 9 to 23
WARNING:__main__:USER 10 to 7
WARNING:__main__:USER 11 to 15
WARNING:__main__:USER 12 to 5
WARNING:__main__:USER 13 to 19
WARNING:__main__:USER 14 to 26
WARNING:__main__:USER 15 to 26
WARNING:__main__:USER 16 to 4
WARNING:__main__:USER 17 to 16
WARNING:__main__:USER 18 to 2
WARNING:__main__:USER 19 to 27
WARNING:__main__:Bazowa lambda to teraz 0.1
ERROR:root:Time : 0 ms, lambda changed to : 0.05
ERROR:root:Time : 28800 ms, lambda changed to : 0.075
ERROR:root:Time : 50400 ms, lambda changed to : 0.1
ERROR:root:Time : 64800 ms, lambda changed to : 0.075
WARNING:__main__:Bazowa lambda to teraz 0.09
ERROR:root:Time : 0 ms, lambda changed to : 0.045
ERROR:root:Time : 28800 ms, lambda changed to : 0.0675
ERROR:root:Time : 50400 ms, lambda changed to : 0.09
ERROR:root:Time : 64800 ms, lambda changed to : 0.0675
WARNING:__main__:Bazowa lambda to teraz 0.08
ERROR:root:Time : 0 ms, lambda changed to : 0.04
ERROR:root:Time : 28800 ms, lambda changed to : 0.06
ERROR:root:Time : 50400 ms, lambda changed to : 0.08
ERROR:root:Time : 64800 ms, lambda changed to : 0.06
WARNING:__main__:Bazowa lambda to teraz 0.07
ERROR:root:Time : 0 ms, lambda changed to : 0.035
ERROR:root:Time : 28800 ms, lambda changed to : 0.0525
ERROR:root:Time : 50400 ms, lambda changed to : 0.07
ERROR:root:Time : 64800 ms, lambda changed to : 0.0525
WARNING:__main__:Bazowa lambda to teraz 0.06
ERROR:root:Time : 0 ms, lambda changed to : 0.03
ERROR:__main__:Stracono u퓓tkownika!!!! przy warto쐁i lambda=0.03
WARNING:__main__:USERS TO INIT in t=0 17
WARNING:__main__:USERS IN STATION BEFORE t=0 17
WARNING:__main__:USER 0 to 26
WARNING:__main__:USER 1 to 1
WARNING:__main__:USER 2 to 20
WARNING:__main__:USER 3 to 25
WARNING:__main__:USER 4 to 28
WARNING:__main__:USER 5 to 0
WARNING:__main__:USER 6 to 5
WARNING:__main__:USER 7 to 27
WARNING:__main__:USER 8 to 15
WARNING:__main__:USER 9 to 12
WARNING:__main__:USER 10 to 9
WARNING:__main__:USER 11 to 24
WARNING:__main__:USER 12 to 14
WARNING:__main__:USER 13 to 0
WARNING:__main__:USER 14 to 19
WARNING:__main__:USER 15 to 9
WARNING:__main__:USER 16 to 4
WARNING:__main__:USERS TO INIT in t=0 11
WARNING:__main__:USERS IN STATION BEFORE t=0 6
WARNING:__main__:USER 0 to 12
WARNING:__main__:USER 1 to 27
WARNING:__main__:USER 2 to 28
WARNING:__main__:USER 3 to 20
WARNING:__main__:USER 4 to 11
WARNING:__main__:USER 5 to 13
WARNING:__main__:USERS TO INIT in t=0 27
WARNING:__main__:USERS IN STATION BEFORE t=0 3
WARNING:__main__:USER 0 to 2
WARNING:__main__:USER 1 to 10
WARNING:__main__:USER 2 to 1
WARNING:__main__:Bazowa lambda to teraz 0.1
ERROR:root:Time : 0 ms, lambda changed to : 0.05
ERROR:root:Time : 28800 ms, lambda changed to : 0.075
ERROR:root:Time : 50400 ms, lambda changed to : 0.1
ERROR:root:Time : 64800 ms, lambda changed to : 0.075
WARNING:__main__:Bazowa lambda to teraz 0.09
ERROR:root:Time : 0 ms, lambda changed to : 0.045
ERROR:root:Time : 28800 ms, lambda changed to : 0.0675
ERROR:root:Time : 50400 ms, lambda changed to : 0.09
WARNING:__main__:USERS TO INIT in t=0 10
WARNING:__main__:USERS IN STATION BEFORE t=0 23
WARNING:__main__:USER 0 to 6
WARNING:__main__:USER 1 to 7
WARNING:__main__:USER 2 to 22
WARNING:__main__:USER 3 to 14
WARNING:__main__:USER 4 to 9
WARNING:__main__:USER 5 to 8
WARNING:__main__:USER 6 to 28
WARNING:__main__:USER 7 to 12
WARNING:__main__:USER 8 to 26
WARNING:__main__:USER 9 to 2
WARNING:__main__:USER 10 to 3
WARNING:__main__:USER 11 to 0
WARNING:__main__:USER 12 to 18
WARNING:__main__:USER 13 to 9
WARNING:__main__:USER 14 to 27
WARNING:__main__:USER 15 to 19
WARNING:__main__:USER 16 to 24
WARNING:__main__:USER 17 to 25
WARNING:__main__:USER 18 to 3
WARNING:__main__:USER 19 to 16
WARNING:__main__:USER 20 to 4
WARNING:__main__:USER 21 to 10
WARNING:__main__:USER 22 to 6
WARNING:__main__:USERS TO INIT in t=0 8
WARNING:__main__:USERS IN STATION BEFORE t=0 11
WARNING:__main__:USER 0 to 19
WARNING:__main__:USER 1 to 14
WARNING:__main__:USER 2 to 27
WARNING:__main__:USER 3 to 28
WARNING:__main__:USER 4 to 14
WARNING:__main__:USER 5 to 11
WARNING:__main__:USER 6 to 21
WARNING:__main__:USER 7 to 17
WARNING:__main__:USER 8 to 12
WARNING:__main__:USER 9 to 0
WARNING:__main__:USER 10 to 17
WARNING:__main__:USERS TO INIT in t=0 5
WARNING:__main__:USERS IN STATION BEFORE t=0 3
WARNING:__main__:USER 0 to 2
WARNING:__main__:USER 1 to 6
WARNING:__main__:USER 2 to 8
WARNING:__main__:Bazowa lambda to teraz 0.1
ERROR:root:Time : 0 ms, lambda changed to : 0.05
ERROR:root:Time : 28800 ms, lambda changed to : 0.075
ERROR:root:Time : 50400 ms, lambda changed to : 0.1
ERROR:root:Time : 64800 ms, lambda changed to : 0.075
WARNING:__main__:Bazowa lambda to teraz 0.09
ERROR:root:Time : 0 ms, lambda changed to : 0.045
ERROR:root:Time : 28800 ms, lambda changed to : 0.0675
ERROR:root:Time : 50400 ms, lambda changed to : 0.09
ERROR:root:Time : 64800 ms, lambda changed to : 0.0675
WARNING:__main__:Bazowa lambda to teraz 0.08
ERROR:root:Time : 0 ms, lambda changed to : 0.04
ERROR:root:Time : 28800 ms, lambda changed to : 0.06
ERROR:root:Time : 50400 ms, lambda changed to : 0.08
ERROR:root:Time : 64800 ms, lambda changed to : 0.06
WARNING:__main__:Bazowa lambda to teraz 0.07
ERROR:root:Time : 0 ms, lambda changed to : 0.035
ERROR:root:Time : 28800 ms, lambda changed to : 0.0525
ERROR:root:Time : 50400 ms, lambda changed to : 0.07
ERROR:root:Time : 64800 ms, lambda changed to : 0.0525
WARNING:__main__:Bazowa lambda to teraz 0.06
ERROR:root:Time : 0 ms, lambda changed to : 0.03
ERROR:root:Time : 28800 ms, lambda changed to : 0.045
ERROR:root:Time : 50400 ms, lambda changed to : 0.06
ERROR:root:Time : 64800 ms, lambda changed to : 0.045
WARNING:__main__:USERS TO INIT in t=0 3
WARNING:__main__:USERS IN STATION BEFORE t=0 13
WARNING:__main__:USER 0 to 1
WARNING:__main__:USER 1 to 11
WARNING:__main__:USER 2 to 3
WARNING:__main__:USER 3 to 23
WARNING:__main__:USER 4 to 21
WARNING:__main__:USER 5 to 7
WARNING:__main__:USER 6 to 2
WARNING:__main__:USER 7 to 6
WARNING:__main__:USER 8 to 22
WARNING:__main__:USER 9 to 27
WARNING:__main__:USER 10 to 9
WARNING:__main__:USER 11 to 24
WARNING:__main__:USER 12 to 10
WARNING:__main__:USERS TO INIT in t=0 21
WARNING:__main__:USERS IN STATION BEFORE t=0 19
WARNING:__main__:USER 0 to 9
WARNING:__main__:USER 1 to 22
WARNING:__main__:USER 2 to 17
WARNING:__main__:USER 3 to 5
WARNING:__main__:USER 4 to 10
WARNING:__main__:USER 5 to 5
WARNING:__main__:USER 6 to 21
WARNING:__main__:USER 7 to 19
WARNING:__main__:USER 8 to 10
WARNING:__main__:USER 9 to 22
WARNING:__main__:USER 10 to 23
WARNING:__main__:USER 11 to 19
WARNING:__main__:USER 12 to 16
WARNING:__main__:USER 13 to 20
WARNING:__main__:USER 14 to 7
WARNING:__main__:USER 15 to 24
WARNING:__main__:USER 16 to 15
WARNING:__main__:USER 17 to 21
WARNING:__main__:USER 18 to 17
WARNING:__main__:USERS TO INIT in t=0 6
WARNING:__main__:USERS IN STATION BEFORE t=0 14
WARNING:__main__:USER 0 to 7
WARNING:__main__:USER 1 to 18
WARNING:__main__:USER 2 to 12
WARNING:__main__:USER 3 to 23
WARNING:__main__:USER 4 to 15
WARNING:__main__:USER 5 to 14
WARNING:__main__:USER 6 to 26
WARNING:__main__:USER 7 to 14
WARNING:__main__:USER 8 to 10
WARNING:__main__:USER 9 to 22
WARNING:__main__:USER 10 to 24
WARNING:__main__:USER 11 to 1
WARNING:__main__:USER 12 to 22
WARNING:__main__:USER 13 to 9
WARNING:__main__:Bazowa lambda to teraz 0.11
ERROR:root:Time : 0 ms, lambda changed to : 0.055
WARNING:__main__:USERS TO INIT in t=0 5
WARNING:__main__:USERS IN STATION BEFORE t=0 16
WARNING:__main__:USER 0 to 22
WARNING:__main__:USER 1 to 24
WARNING:__main__:USER 2 to 10
WARNING:__main__:USER 3 to 17
WARNING:__main__:USER 4 to 27
WARNING:__main__:USER 5 to 9
WARNING:__main__:USER 6 to 17
WARNING:__main__:USER 7 to 7
WARNING:__main__:USER 8 to 1
WARNING:__main__:USER 9 to 27
WARNING:__main__:USER 10 to 18
WARNING:__main__:USER 11 to 0
WARNING:__main__:USER 12 to 9
WARNING:__main__:USER 13 to 3
WARNING:__main__:USER 14 to 10
WARNING:__main__:USER 15 to 15
WARNING:__main__:USERS TO INIT in t=0 18
WARNING:__main__:USERS IN STATION BEFORE t=0 23
WARNING:__main__:USER 0 to 25
WARNING:__main__:USER 1 to 27
WARNING:__main__:USER 2 to 2
WARNING:__main__:USER 3 to 28
WARNING:__main__:USER 4 to 19
WARNING:__main__:USER 5 to 4
WARNING:__main__:USER 6 to 13
WARNING:__main__:USER 7 to 2
WARNING:__main__:USER 8 to 17
WARNING:__main__:USER 9 to 25
WARNING:__main__:USER 10 to 15
WARNING:__main__:USER 11 to 25
WARNING:__main__:USER 12 to 18
WARNING:__main__:USER 13 to 3
WARNING:__main__:USER 14 to 26
WARNING:__main__:USER 15 to 10
WARNING:__main__:USER 16 to 9
WARNING:__main__:USER 17 to 18
WARNING:__main__:USER 18 to 1
WARNING:__main__:USER 19 to 12
WARNING:__main__:USER 20 to 27
WARNING:__main__:USER 21 to 28
WARNING:__main__:USER 22 to 7
WARNING:__main__:USERS TO INIT in t=0 23
WARNING:__main__:USERS IN STATION BEFORE t=0 18
WARNING:__main__:USER 0 to 18
WARNING:__main__:USER 1 to 13
WARNING:__main__:USER 2 to 27
WARNING:__main__:USER 3 to 15
WARNING:__main__:USER 4 to 2
WARNING:__main__:USER 5 to 13
WARNING:__main__:USER 6 to 1
WARNING:__main__:USER 7 to 7
WARNING:__main__:USER 8 to 5
WARNING:__main__:USER 9 to 27
WARNING:__main__:USER 10 to 9
WARNING:__main__:USER 11 to 22
WARNING:__main__:USER 12 to 20
WARNING:__main__:USER 13 to 22
WARNING:__main__:USER 14 to 0
WARNING:__main__:USER 15 to 15
WARNING:__main__:USER 16 to 9
WARNING:__main__:USER 17 to 19
WARNING:__main__:Bazowa lambda to teraz 0.11
ERROR:root:Time : 0 ms, lambda changed to : 0.055
ERROR:root:Time : 28800 ms, lambda changed to : 0.0825
ERROR:root:Time : 50400 ms, lambda changed to : 0.11
ERROR:root:Time : 64800 ms, lambda changed to : 0.0825
WARNING:__main__:Bazowa lambda to teraz 0.01
ERROR:root:Time : 0 ms, lambda changed to : 0.005
ERROR:__main__:Stracono u퓓tkownika!!!! przy warto쐁i lambda=0.005
WARNING:__main__:USERS TO INIT in t=0 23
WARNING:__main__:USERS IN STATION BEFORE t=0 23
WARNING:__main__:USER 0 to 13
WARNING:__main__:USER 1 to 16
WARNING:__main__:USER 2 to 0
WARNING:__main__:USER 3 to 12
WARNING:__main__:USER 4 to 16
WARNING:__main__:USER 5 to 1
WARNING:__main__:USER 6 to 18
WARNING:__main__:USER 7 to 10
WARNING:__main__:USER 8 to 26
WARNING:__main__:USER 9 to 11
WARNING:__main__:USER 10 to 9
WARNING:__main__:USER 11 to 7
WARNING:__main__:USER 12 to 22
WARNING:__main__:USER 13 to 21
WARNING:__main__:USER 14 to 9
WARNING:__main__:USER 15 to 23
WARNING:__main__:USER 16 to 1
WARNING:__main__:USER 17 to 6
WARNING:__main__:USER 18 to 20
WARNING:__main__:USER 19 to 16
WARNING:__main__:USER 20 to 20
WARNING:__main__:USER 21 to 2
WARNING:__main__:USER 22 to 3
WARNING:__main__:USERS TO INIT in t=0 17
WARNING:__main__:USERS IN STATION BEFORE t=0 29
WARNING:__main__:USER 0 to 16
WARNING:__main__:USER 1 to 5
WARNING:__main__:USER 2 to 8
WARNING:__main__:USER 3 to 23
WARNING:__main__:USER 4 to 4
WARNING:__main__:USER 5 to 8
WARNING:__main__:USER 6 to 10
WARNING:__main__:USER 7 to 1
WARNING:__main__:USER 8 to 20
WARNING:__main__:USER 9 to 25
WARNING:__main__:USER 10 to 10
WARNING:__main__:USER 11 to 21
WARNING:__main__:USER 12 to 15
WARNING:__main__:USER 13 to 23
WARNING:__main__:USER 14 to 4
WARNING:__main__:USER 15 to 24
WARNING:__main__:USER 16 to 22
WARNING:__main__:USER 17 to 0
WARNING:__main__:USER 18 to 21
WARNING:__main__:USER 19 to 5
WARNING:__main__:USER 20 to 11
WARNING:__main__:USER 21 to 3
WARNING:__main__:USER 22 to 24
WARNING:__main__:USER 23 to 17
WARNING:__main__:USER 24 to 15
WARNING:__main__:USER 25 to 19
WARNING:__main__:USER 26 to 0
WARNING:__main__:USER 27 to 6
WARNING:__main__:USER 28 to 1
WARNING:__main__:USERS TO INIT in t=0 22
WARNING:__main__:USERS IN STATION BEFORE t=0 7
WARNING:__main__:USER 0 to 15
WARNING:__main__:USER 1 to 1
WARNING:__main__:USER 2 to 11
WARNING:__main__:USER 3 to 12
WARNING:__main__:USER 4 to 27
WARNING:__main__:USER 5 to 3
WARNING:__main__:USER 6 to 20
WARNING:__main__:Bazowa lambda to teraz 0.1
ERROR:root:Time : 0 ms, lambda changed to : 0.05
WARNING:__main__:USERS TO INIT in t=0 6
WARNING:__main__:USERS IN STATION BEFORE t=0 17
WARNING:__main__:USER 0 to 26
WARNING:__main__:USER 1 to 28
WARNING:__main__:USER 2 to 12
WARNING:__main__:USER 3 to 28
WARNING:__main__:USER 4 to 1
WARNING:__main__:USER 5 to 6
WARNING:__main__:USER 6 to 18
WARNING:__main__:USER 7 to 14
WARNING:__main__:USER 8 to 10
WARNING:__main__:USER 9 to 23
WARNING:__main__:USER 10 to 13
WARNING:__main__:USER 11 to 2
WARNING:__main__:USER 12 to 7
WARNING:__main__:USER 13 to 22
WARNING:__main__:USER 14 to 27
WARNING:__main__:USER 15 to 3
WARNING:__main__:USER 16 to 9
WARNING:__main__:USERS TO INIT in t=0 21
WARNING:__main__:USERS IN STATION BEFORE t=0 14
WARNING:__main__:USER 0 to 19
WARNING:__main__:USER 1 to 7
WARNING:__main__:USER 2 to 6
WARNING:__main__:USER 3 to 17
WARNING:__main__:USER 4 to 19
WARNING:__main__:USER 5 to 18
WARNING:__main__:USER 6 to 8
WARNING:__main__:USER 7 to 9
WARNING:__main__:USER 8 to 1
WARNING:__main__:USER 9 to 21
WARNING:__main__:USER 10 to 26
WARNING:__main__:USER 11 to 6
WARNING:__main__:USER 12 to 27
WARNING:__main__:USER 13 to 24
WARNING:__main__:USERS TO INIT in t=0 24
WARNING:__main__:USERS IN STATION BEFORE t=0 2
WARNING:__main__:USER 0 to 20
WARNING:__main__:USER 1 to 14
WARNING:__main__:Bazowa lambda to teraz 10.01
ERROR:root:Time : 0 ms, lambda changed to : 5.005
ERROR:root:Time : 28800 ms, lambda changed to : 7.5075
ERROR:root:Time : 50400 ms, lambda changed to : 10.01
ERROR:root:Time : 64800 ms, lambda changed to : 7.5075
WARNING:__main__:Bazowa lambda to teraz 0.01
ERROR:root:Time : 0 ms, lambda changed to : 0.005
ERROR:__main__:Stracono u퓓tkownika!!!! przy warto쐁i lambda=0.005
WARNING:__main__:USERS TO INIT in t=0 6
WARNING:__main__:USERS IN STATION BEFORE t=0 27
WARNING:__main__:USER 0 to 8
WARNING:__main__:USER 1 to 25
WARNING:__main__:USER 2 to 25
WARNING:__main__:USER 3 to 27
WARNING:__main__:USER 4 to 11
WARNING:__main__:USER 5 to 18
WARNING:__main__:USER 6 to 23
WARNING:__main__:USER 7 to 12
WARNING:__main__:USER 8 to 22
WARNING:__main__:USER 9 to 12
WARNING:__main__:USER 10 to 25
WARNING:__main__:USER 11 to 20
WARNING:__main__:USER 12 to 0
WARNING:__main__:USER 13 to 6
WARNING:__main__:USER 14 to 28
WARNING:__main__:USER 15 to 2
WARNING:__main__:USER 16 to 28
WARNING:__main__:USER 17 to 22
WARNING:__main__:USER 18 to 18
WARNING:__main__:USER 19 to 18
WARNING:__main__:USER 20 to 11
WARNING:__main__:USER 21 to 9
WARNING:__main__:USER 22 to 2
WARNING:__main__:USER 23 to 7
WARNING:__main__:USER 24 to 28
WARNING:__main__:USER 25 to 3
WARNING:__main__:USER 26 to 9
WARNING:__main__:USERS TO INIT in t=0 13
WARNING:__main__:USERS IN STATION BEFORE t=0 10
WARNING:__main__:USER 0 to 23
WARNING:__main__:USER 1 to 25
WARNING:__main__:USER 2 to 6
WARNING:__main__:USER 3 to 8
WARNING:__main__:USER 4 to 14
WARNING:__main__:USER 5 to 13
WARNING:__main__:USER 6 to 18
WARNING:__main__:USER 7 to 18
WARNING:__main__:USER 8 to 10
WARNING:__main__:USER 9 to 7
WARNING:__main__:USERS TO INIT in t=0 28
WARNING:__main__:USERS IN STATION BEFORE t=0 24
WARNING:__main__:USER 0 to 17
WARNING:__main__:USER 1 to 2
WARNING:__main__:USER 2 to 10
WARNING:__main__:USER 3 to 20
WARNING:__main__:USER 4 to 17
WARNING:__main__:USER 5 to 14
WARNING:__main__:USER 6 to 12
WARNING:__main__:USER 7 to 9
WARNING:__main__:USER 8 to 15
WARNING:__main__:USER 9 to 4
WARNING:__main__:USER 10 to 10
WARNING:__main__:USER 11 to 4
WARNING:__main__:USER 12 to 26
WARNING:__main__:USER 13 to 13
WARNING:__main__:USER 14 to 14
WARNING:__main__:USER 15 to 15
WARNING:__main__:USER 16 to 18
WARNING:__main__:USER 17 to 20
WARNING:__main__:USER 18 to 7
WARNING:__main__:USER 19 to 10
WARNING:__main__:USER 20 to 3
WARNING:__main__:USER 21 to 14
WARNING:__main__:USER 22 to 0
WARNING:__main__:USER 23 to 15
WARNING:__main__:Bazowa lambda to teraz 0.11
ERROR:root:Time : 0 ms, lambda changed to : 0.055
ERROR:root:Time : 28800 ms, lambda changed to : 0.0825
ERROR:root:Time : 50400 ms, lambda changed to : 0.11
ERROR:root:Time : 64800 ms, lambda changed to : 0.0825
WARNING:__main__:Bazowa lambda to teraz 0.01
ERROR:root:Time : 0 ms, lambda changed to : 0.005
ERROR:__main__:Stracono u퓓tkownika!!!! przy warto쐁i lambda=0.005
WARNING:__main__:USERS TO INIT in t=0 14
WARNING:__main__:USERS IN STATION BEFORE t=0 2
WARNING:__main__:USER 0 to 21
WARNING:__main__:USER 1 to 27
WARNING:__main__:USERS TO INIT in t=0 27
WARNING:__main__:USERS IN STATION BEFORE t=0 7
WARNING:__main__:USER 0 to 10
WARNING:__main__:USER 1 to 20
WARNING:__main__:USER 2 to 23
WARNING:__main__:USER 3 to 6
WARNING:__main__:USER 4 to 21
WARNING:__main__:USER 5 to 18
WARNING:__main__:USER 6 to 4
WARNING:__main__:USERS TO INIT in t=0 6
WARNING:__main__:USERS IN STATION BEFORE t=0 3
WARNING:__main__:USER 0 to 25
WARNING:__main__:USER 1 to 9
WARNING:__main__:USER 2 to 23
WARNING:__main__:Bazowa lambda to teraz 0.11
ERROR:root:Time : 0 ms, lambda changed to : 0.055
ERROR:root:Time : 28800 ms, lambda changed to : 0.0825
ERROR:root:Time : 50400 ms, lambda changed to : 0.11
ERROR:root:Time : 64800 ms, lambda changed to : 0.0825
WARNING:__main__:Bazowa lambda to teraz 0.01
ERROR:root:Time : 0 ms, lambda changed to : 0.005
ERROR:__main__:Stracono u퓓tkownika!!!! przy warto쐁i lambda=0.005
WARNING:__main__:USERS TO INIT in t=0 26
WARNING:__main__:USERS IN STATION BEFORE t=0 13
WARNING:__main__:USER 0 to 27
WARNING:__main__:USER 1 to 8
WARNING:__main__:USER 2 to 17
WARNING:__main__:USER 3 to 26
WARNING:__main__:USER 4 to 15
WARNING:__main__:USER 5 to 16
WARNING:__main__:USER 6 to 4
WARNING:__main__:USER 7 to 27
WARNING:__main__:USER 8 to 28
WARNING:__main__:USER 9 to 19
WARNING:__main__:USER 10 to 6
WARNING:__main__:USER 11 to 28
WARNING:__main__:USER 12 to 13
WARNING:__main__:USERS TO INIT in t=0 3
WARNING:__main__:USERS IN STATION BEFORE t=0 23
WARNING:__main__:USER 0 to 0
WARNING:__main__:USER 1 to 10
WARNING:__main__:USER 2 to 28
WARNING:__main__:USER 3 to 14
WARNING:__main__:USER 4 to 25
WARNING:__main__:USER 5 to 16
WARNING:__main__:USER 6 to 24
WARNING:__main__:USER 7 to 25
WARNING:__main__:USER 8 to 15
WARNING:__main__:USER 9 to 12
WARNING:__main__:USER 10 to 2
WARNING:__main__:USER 11 to 12
WARNING:__main__:USER 12 to 3
WARNING:__main__:USER 13 to 0
WARNING:__main__:USER 14 to 10
WARNING:__main__:USER 15 to 2
WARNING:__main__:USER 16 to 11
WARNING:__main__:USER 17 to 15
WARNING:__main__:USER 18 to 6
WARNING:__main__:USER 19 to 27
WARNING:__main__:USER 20 to 12
WARNING:__main__:USER 21 to 24
WARNING:__main__:USER 22 to 19
WARNING:__main__:USERS TO INIT in t=0 11
WARNING:__main__:USERS IN STATION BEFORE t=0 14
WARNING:__main__:USER 0 to 6
WARNING:__main__:USER 1 to 11
WARNING:__main__:USER 2 to 12
WARNING:__main__:USER 3 to 23
WARNING:__main__:USER 4 to 4
WARNING:__main__:USER 5 to 17
WARNING:__main__:USER 6 to 14
WARNING:__main__:USER 7 to 6
WARNING:__main__:USER 8 to 22
WARNING:__main__:USER 9 to 22
WARNING:__main__:USER 10 to 15
WARNING:__main__:USER 11 to 2
WARNING:__main__:USER 12 to 6
WARNING:__main__:USER 13 to 4
WARNING:__main__:Bazowa lambda to teraz 0.1
ERROR:root:Time : 0 ms, lambda changed to : 0.05
ERROR:root:Time : 28800 ms, lambda changed to : 0.075
ERROR:root:Time : 50400 ms, lambda changed to : 0.1
WARNING:__main__:USERS TO INIT in t=0 26
WARNING:__main__:USERS IN STATION BEFORE t=0 17
WARNING:__main__:USER 0 to 1
WARNING:__main__:USER 1 to 2
WARNING:__main__:USER 2 to 14
WARNING:__main__:USER 3 to 16
WARNING:__main__:USER 4 to 4
WARNING:__main__:USER 5 to 13
WARNING:__main__:USER 6 to 1
WARNING:__main__:USER 7 to 10
WARNING:__main__:USER 8 to 11
WARNING:__main__:USER 9 to 23
WARNING:__main__:USER 10 to 15
WARNING:__main__:USER 11 to 15
WARNING:__main__:USER 12 to 7
WARNING:__main__:USER 13 to 19
WARNING:__main__:USER 14 to 15
WARNING:__main__:USER 15 to 10
WARNING:__main__:USER 16 to 2
WARNING:__main__:USERS TO INIT in t=0 10
WARNING:__main__:USERS IN STATION BEFORE t=0 27
WARNING:__main__:USER 0 to 16
WARNING:__main__:USER 1 to 20
WARNING:__main__:USER 2 to 1
WARNING:__main__:USER 3 to 16
WARNING:__main__:USER 4 to 4
WARNING:__main__:USER 5 to 2
WARNING:__main__:USER 6 to 9
WARNING:__main__:USER 7 to 13
WARNING:__main__:USER 8 to 9
WARNING:__main__:USER 9 to 13
WARNING:__main__:USER 10 to 1
WARNING:__main__:USER 11 to 22
WARNING:__main__:USER 12 to 7
WARNING:__main__:USER 13 to 3
WARNING:__main__:USER 14 to 6
WARNING:__main__:USER 15 to 4
WARNING:__main__:USER 16 to 9
WARNING:__main__:USER 17 to 20
WARNING:__main__:USER 18 to 2
WARNING:__main__:USER 19 to 21
WARNING:__main__:USER 20 to 11
WARNING:__main__:USER 21 to 5
WARNING:__main__:USER 22 to 14
WARNING:__main__:USER 23 to 27
WARNING:__main__:USER 24 to 25
WARNING:__main__:USER 25 to 19
WARNING:__main__:USER 26 to 22
WARNING:__main__:USERS TO INIT in t=0 28
WARNING:__main__:USERS IN STATION BEFORE t=0 2
WARNING:__main__:USER 0 to 25
WARNING:__main__:USER 1 to 10
WARNING:__main__:Bazowa lambda to teraz 0.101
ERROR:root:Time : 0 ms, lambda changed to : 0.0505
WARNING:__main__:USERS TO INIT in t=0 3
WARNING:__main__:USERS IN STATION BEFORE t=0 18
WARNING:__main__:USER 0 to 9
WARNING:__main__:USER 1 to 26
WARNING:__main__:USER 2 to 3
WARNING:__main__:USER 3 to 4
WARNING:__main__:USER 4 to 3
WARNING:__main__:USER 5 to 10
WARNING:__main__:USER 6 to 14
WARNING:__main__:USER 7 to 14
WARNING:__main__:USER 8 to 20
WARNING:__main__:USER 9 to 11
WARNING:__main__:USER 10 to 3
WARNING:__main__:USER 11 to 19
WARNING:__main__:USER 12 to 12
WARNING:__main__:USER 13 to 20
WARNING:__main__:USER 14 to 18
WARNING:__main__:USER 15 to 9
WARNING:__main__:USER 16 to 20
WARNING:__main__:USER 17 to 4
WARNING:__main__:USERS TO INIT in t=0 9
WARNING:__main__:USERS IN STATION BEFORE t=0 3
WARNING:__main__:USER 0 to 14
WARNING:__main__:USER 1 to 10
WARNING:__main__:USER 2 to 25
WARNING:__main__:USERS TO INIT in t=0 3
WARNING:__main__:USERS IN STATION BEFORE t=0 25
WARNING:__main__:USER 0 to 25
WARNING:__main__:USER 1 to 10
WARNING:__main__:USER 2 to 7
WARNING:__main__:USER 3 to 25
WARNING:__main__:USER 4 to 27
WARNING:__main__:USER 5 to 9
WARNING:__main__:USER 6 to 25
WARNING:__main__:USER 7 to 24
WARNING:__main__:USER 8 to 27
WARNING:__main__:USER 9 to 8
WARNING:__main__:USER 10 to 26
WARNING:__main__:USER 11 to 15
WARNING:__main__:USER 12 to 27
WARNING:__main__:USER 13 to 4
WARNING:__main__:USER 14 to 22
WARNING:__main__:USER 15 to 19
WARNING:__main__:USER 16 to 14
WARNING:__main__:USER 17 to 26
WARNING:__main__:USER 18 to 20
WARNING:__main__:USER 19 to 24
WARNING:__main__:USER 20 to 25
WARNING:__main__:USER 21 to 14
WARNING:__main__:USER 22 to 20
WARNING:__main__:USER 23 to 21
WARNING:__main__:USER 24 to 15
WARNING:__main__:Bazowa lambda to teraz 0.091
ERROR:root:Time : 0 ms, lambda changed to : 0.0455
ERROR:root:Time : 28800 ms, lambda changed to : 0.06825
ERROR:root:Time : 50400 ms, lambda changed to : 0.091
ERROR:root:Time : 64800 ms, lambda changed to : 0.06825
WARNING:__main__:USERS TO INIT in t=0 5
WARNING:__main__:USERS IN STATION BEFORE t=0 24
WARNING:__main__:USER 0 to 2
WARNING:__main__:USER 1 to 28
WARNING:__main__:USER 2 to 14
WARNING:__main__:USER 3 to 8
WARNING:__main__:USER 4 to 5
WARNING:__main__:USER 5 to 2
WARNING:__main__:USER 6 to 23
WARNING:__main__:USER 7 to 4
WARNING:__main__:USER 8 to 0
WARNING:__main__:USER 9 to 9
WARNING:__main__:USER 10 to 16
WARNING:__main__:USER 11 to 21
WARNING:__main__:USER 12 to 10
WARNING:__main__:USER 13 to 27
WARNING:__main__:USER 14 to 21
WARNING:__main__:USER 15 to 5
WARNING:__main__:USER 16 to 14
WARNING:__main__:USER 17 to 17
WARNING:__main__:USER 18 to 7
WARNING:__main__:USER 19 to 25
WARNING:__main__:USER 20 to 16
WARNING:__main__:USER 21 to 5
WARNING:__main__:USER 22 to 22
WARNING:__main__:USER 23 to 19
WARNING:__main__:USERS TO INIT in t=0 29
WARNING:__main__:USERS IN STATION BEFORE t=0 21
WARNING:__main__:USER 0 to 9
WARNING:__main__:USER 1 to 14
WARNING:__main__:USER 2 to 24
WARNING:__main__:USER 3 to 23
WARNING:__main__:USER 4 to 17
WARNING:__main__:USER 5 to 14
WARNING:__main__:USER 6 to 23
WARNING:__main__:USER 7 to 7
WARNING:__main__:USER 8 to 6
WARNING:__main__:USER 9 to 23
WARNING:__main__:USER 10 to 22
WARNING:__main__:USER 11 to 20
WARNING:__main__:USER 12 to 15
WARNING:__main__:USER 13 to 22
WARNING:__main__:USER 14 to 15
WARNING:__main__:USER 15 to 4
WARNING:__main__:USER 16 to 26
WARNING:__main__:USER 17 to 24
WARNING:__main__:USER 18 to 22
WARNING:__main__:USER 19 to 1
WARNING:__main__:USER 20 to 0
WARNING:__main__:USERS TO INIT in t=0 23
WARNING:__main__:USERS IN STATION BEFORE t=0 11
WARNING:__main__:USER 0 to 2
WARNING:__main__:USER 1 to 26
WARNING:__main__:USER 2 to 26
WARNING:__main__:USER 3 to 8
WARNING:__main__:USER 4 to 20
WARNING:__main__:USER 5 to 19
WARNING:__main__:USER 6 to 21
WARNING:__main__:USER 7 to 19
WARNING:__main__:USER 8 to 27
WARNING:__main__:USER 9 to 9
WARNING:__main__:USER 10 to 7
WARNING:__main__:Bazowa lambda to teraz 0.1
ERROR:root:Time : 0 ms, lambda changed to : 0.05
WARNING:__main__:USERS TO INIT in t=0 8
WARNING:__main__:USERS IN STATION BEFORE t=0 10
WARNING:__main__:USER 0 to 27
WARNING:__main__:USER 1 to 25
WARNING:__main__:USER 2 to 11
WARNING:__main__:USER 3 to 28
WARNING:__main__:USER 4 to 18
WARNING:__main__:USER 5 to 27
WARNING:__main__:USER 6 to 21
WARNING:__main__:USER 7 to 12
WARNING:__main__:USER 8 to 0
WARNING:__main__:USER 9 to 8
WARNING:__main__:USERS TO INIT in t=0 16
WARNING:__main__:USERS IN STATION BEFORE t=0 24
WARNING:__main__:USER 0 to 23
WARNING:__main__:USER 1 to 26
WARNING:__main__:USER 2 to 11
WARNING:__main__:USER 3 to 26
WARNING:__main__:USER 4 to 21
WARNING:__main__:USER 5 to 20
WARNING:__main__:USER 6 to 4
WARNING:__main__:USER 7 to 13
WARNING:__main__:USER 8 to 21
WARNING:__main__:USER 9 to 12
WARNING:__main__:USER 10 to 1
WARNING:__main__:USER 11 to 28
WARNING:__main__:USER 12 to 8
WARNING:__main__:USER 13 to 8
WARNING:__main__:USER 14 to 16
WARNING:__main__:USER 15 to 17
WARNING:__main__:USER 16 to 27
WARNING:__main__:USER 17 to 24
WARNING:__main__:USER 18 to 28
WARNING:__main__:USER 19 to 13
WARNING:__main__:USER 20 to 26
WARNING:__main__:USER 21 to 18
WARNING:__main__:USER 22 to 24
WARNING:__main__:USER 23 to 23
WARNING:__main__:USERS TO INIT in t=0 4
WARNING:__main__:USERS IN STATION BEFORE t=0 23
WARNING:__main__:USER 0 to 16
WARNING:__main__:USER 1 to 7
WARNING:__main__:USER 2 to 13
WARNING:__main__:USER 3 to 2
WARNING:__main__:USER 4 to 26
WARNING:__main__:USER 5 to 4
WARNING:__main__:USER 6 to 2
WARNING:__main__:USER 7 to 28
WARNING:__main__:USER 8 to 16
WARNING:__main__:USER 9 to 3
WARNING:__main__:USER 10 to 16
WARNING:__main__:USER 11 to 17
WARNING:__main__:USER 12 to 22
WARNING:__main__:USER 13 to 2
WARNING:__main__:USER 14 to 3
WARNING:__main__:USER 15 to 9
WARNING:__main__:USER 16 to 27
WARNING:__main__:USER 17 to 7
WARNING:__main__:USER 18 to 24
WARNING:__main__:USER 19 to 13
WARNING:__main__:USER 20 to 19
WARNING:__main__:USER 21 to 26
WARNING:__main__:USER 22 to 7
WARNING:__main__:Bazowa lambda to teraz 0.11
ERROR:root:Time : 0 ms, lambda changed to : 0.055
ERROR:root:Time : 28800 ms, lambda changed to : 0.0825
ERROR:root:Time : 50400 ms, lambda changed to : 0.11
ERROR:root:Time : 64800 ms, lambda changed to : 0.0825
WARNING:__main__:USERS TO INIT in t=0 18
WARNING:__main__:USERS IN STATION BEFORE t=0 10
WARNING:__main__:USER 0 to 17
WARNING:__main__:USER 1 to 18
WARNING:__main__:USER 2 to 24
WARNING:__main__:USER 3 to 20
WARNING:__main__:USER 4 to 8
WARNING:__main__:USER 5 to 11
WARNING:__main__:USER 6 to 24
WARNING:__main__:USER 7 to 7
WARNING:__main__:USER 8 to 14
WARNING:__main__:USER 9 to 6
WARNING:__main__:USERS TO INIT in t=0 10
WARNING:__main__:USERS IN STATION BEFORE t=0 27
WARNING:__main__:USER 0 to 21
WARNING:__main__:USER 1 to 28
WARNING:__main__:USER 2 to 9
WARNING:__main__:USER 3 to 14
WARNING:__main__:USER 4 to 1
WARNING:__main__:USER 5 to 7
WARNING:__main__:USER 6 to 14
WARNING:__main__:USER 7 to 18
WARNING:__main__:USER 8 to 25
WARNING:__main__:USER 9 to 3
WARNING:__main__:USER 10 to 10
WARNING:__main__:USER 11 to 11
WARNING:__main__:USER 12 to 27
WARNING:__main__:USER 13 to 28
WARNING:__main__:USER 14 to 15
WARNING:__main__:USER 15 to 1
WARNING:__main__:USER 16 to 1
WARNING:__main__:USER 17 to 6
WARNING:__main__:USER 18 to 19
WARNING:__main__:USER 19 to 7
WARNING:__main__:USER 20 to 15
WARNING:__main__:USER 21 to 28
WARNING:__main__:USER 22 to 3
WARNING:__main__:USER 23 to 23
WARNING:__main__:USER 24 to 21
WARNING:__main__:USER 25 to 24
WARNING:__main__:USER 26 to 4
WARNING:__main__:USERS TO INIT in t=0 21
WARNING:__main__:USERS IN STATION BEFORE t=0 22
WARNING:__main__:USER 0 to 2
WARNING:__main__:USER 1 to 9
WARNING:__main__:USER 2 to 1
WARNING:__main__:USER 3 to 13
WARNING:__main__:USER 4 to 5
WARNING:__main__:USER 5 to 27
WARNING:__main__:USER 6 to 7
WARNING:__main__:USER 7 to 16
WARNING:__main__:USER 8 to 8
WARNING:__main__:USER 9 to 27
WARNING:__main__:USER 10 to 25
WARNING:__main__:USER 11 to 23
WARNING:__main__:USER 12 to 3
WARNING:__main__:USER 13 to 2
WARNING:__main__:USER 14 to 19
WARNING:__main__:USER 15 to 8
WARNING:__main__:USER 16 to 12
WARNING:__main__:USER 17 to 27
WARNING:__main__:USER 18 to 24
WARNING:__main__:USER 19 to 12
WARNING:__main__:USER 20 to 5
WARNING:__main__:USER 21 to 28
WARNING:__main__:Bazowa lambda to teraz 0.105
ERROR:root:Time : 0 ms, lambda changed to : 0.0525
ERROR:root:Time : 28800 ms, lambda changed to : 0.07875
ERROR:root:Time : 50400 ms, lambda changed to : 0.105
ERROR:root:Time : 64800 ms, lambda changed to : 0.07875
WARNING:__main__:Bazowa lambda to teraz 0.1
ERROR:root:Time : 0 ms, lambda changed to : 0.05
WARNING:__main__:USERS TO INIT in t=0 14
WARNING:__main__:USERS IN STATION BEFORE t=0 22
WARNING:__main__:USER 0 to 16
WARNING:__main__:USER 1 to 15
WARNING:__main__:USER 2 to 16
WARNING:__main__:USER 3 to 26
WARNING:__main__:USER 4 to 13
WARNING:__main__:USER 5 to 19
WARNING:__main__:USER 6 to 23
WARNING:__main__:USER 7 to 18
WARNING:__main__:USER 8 to 20
WARNING:__main__:USER 9 to 8
WARNING:__main__:USER 10 to 12
WARNING:__main__:USER 11 to 24
WARNING:__main__:USER 12 to 22
WARNING:__main__:USER 13 to 11
WARNING:__main__:USER 14 to 18
WARNING:__main__:USER 15 to 18
WARNING:__main__:USER 16 to 21
WARNING:__main__:USER 17 to 22
WARNING:__main__:USER 18 to 6
WARNING:__main__:USER 19 to 7
WARNING:__main__:USER 20 to 25
WARNING:__main__:USER 21 to 27
WARNING:__main__:USERS TO INIT in t=0 29
WARNING:__main__:USERS IN STATION BEFORE t=0 23
WARNING:__main__:USER 0 to 5
WARNING:__main__:USER 1 to 14
WARNING:__main__:USER 2 to 18
WARNING:__main__:USER 3 to 5
WARNING:__main__:USER 4 to 4
WARNING:__main__:USER 5 to 19
WARNING:__main__:USER 6 to 23
WARNING:__main__:USER 7 to 25
WARNING:__main__:USER 8 to 0
WARNING:__main__:USER 9 to 5
WARNING:__main__:USER 10 to 15
WARNING:__main__:USER 11 to 0
WARNING:__main__:USER 12 to 0
WARNING:__main__:USER 13 to 22
WARNING:__main__:USER 14 to 8
WARNING:__main__:USER 15 to 5
WARNING:__main__:USER 16 to 11
WARNING:__main__:USER 17 to 2
WARNING:__main__:USER 18 to 16
WARNING:__main__:USER 19 to 20
WARNING:__main__:USER 20 to 6
WARNING:__main__:USER 21 to 19
WARNING:__main__:USER 22 to 21
WARNING:__main__:USERS TO INIT in t=0 28
WARNING:__main__:USERS IN STATION BEFORE t=0 4
WARNING:__main__:USER 0 to 25
WARNING:__main__:USER 1 to 11
WARNING:__main__:USER 2 to 4
WARNING:__main__:USER 3 to 13
WARNING:__main__:Bazowa lambda to teraz 0.105
ERROR:root:Time : 0 ms, lambda changed to : 0.0525
WARNING:__main__:USERS TO INIT in t=0 26
WARNING:__main__:USERS IN STATION BEFORE t=0 14
WARNING:__main__:USER 0 to 11
WARNING:__main__:USER 1 to 27
WARNING:__main__:USER 2 to 14
WARNING:__main__:USER 3 to 8
WARNING:__main__:USER 4 to 26
WARNING:__main__:USER 5 to 18
WARNING:__main__:USER 6 to 22
WARNING:__main__:USER 7 to 2
WARNING:__main__:USER 8 to 22
WARNING:__main__:USER 9 to 20
WARNING:__main__:USER 10 to 26
WARNING:__main__:USER 11 to 26
WARNING:__main__:USER 12 to 8
WARNING:__main__:USER 13 to 18
WARNING:__main__:USERS TO INIT in t=0 9
WARNING:__main__:USERS IN STATION BEFORE t=0 20
WARNING:__main__:USER 0 to 23
WARNING:__main__:USER 1 to 26
WARNING:__main__:USER 2 to 11
WARNING:__main__:USER 3 to 3
WARNING:__main__:USER 4 to 14
WARNING:__main__:USER 5 to 4
WARNING:__main__:USER 6 to 9
WARNING:__main__:USER 7 to 5
WARNING:__main__:USER 8 to 5
WARNING:__main__:USER 9 to 6
WARNING:__main__:USER 10 to 4
WARNING:__main__:USER 11 to 24
WARNING:__main__:USER 12 to 16
WARNING:__main__:USER 13 to 25
WARNING:__main__:USER 14 to 3
WARNING:__main__:USER 15 to 7
WARNING:__main__:USER 16 to 15
WARNING:__main__:USER 17 to 15
WARNING:__main__:USER 18 to 15
WARNING:__main__:USER 19 to 22
WARNING:__main__:USERS TO INIT in t=0 15
WARNING:__main__:USERS IN STATION BEFORE t=0 27
WARNING:__main__:USER 0 to 1
WARNING:__main__:USER 1 to 26
WARNING:__main__:USER 2 to 17
WARNING:__main__:USER 3 to 11
WARNING:__main__:USER 4 to 19
WARNING:__main__:USER 5 to 23
WARNING:__main__:USER 6 to 13
WARNING:__main__:USER 7 to 22
WARNING:__main__:USER 8 to 26
WARNING:__main__:USER 9 to 22
WARNING:__main__:USER 10 to 13
WARNING:__main__:USER 11 to 26
WARNING:__main__:USER 12 to 0
WARNING:__main__:USER 13 to 1
WARNING:__main__:USER 14 to 20
WARNING:__main__:USER 15 to 19
WARNING:__main__:USER 16 to 20
WARNING:__main__:USER 17 to 17
WARNING:__main__:USER 18 to 26
WARNING:__main__:USER 19 to 15
WARNING:__main__:USER 20 to 3
WARNING:__main__:USER 21 to 20
WARNING:__main__:USER 22 to 7
WARNING:__main__:USER 23 to 17
WARNING:__main__:USER 24 to 1
WARNING:__main__:USER 25 to 19
WARNING:__main__:USER 26 to 21
WARNING:__main__:Bazowa lambda to teraz 0.095
ERROR:root:Time : 0 ms, lambda changed to : 0.0475
WARNING:__main__:USERS TO INIT in t=0 3
WARNING:__main__:USERS IN STATION BEFORE t=0 5
WARNING:__main__:USER 0 to 3
WARNING:__main__:USER 1 to 7
WARNING:__main__:USER 2 to 20
WARNING:__main__:USER 3 to 1
WARNING:__main__:USER 4 to 20
WARNING:__main__:USERS TO INIT in t=0 25
WARNING:__main__:USERS IN STATION BEFORE t=0 24
WARNING:__main__:USER 0 to 10
WARNING:__main__:USER 1 to 21
WARNING:__main__:USER 2 to 21
WARNING:__main__:USER 3 to 10
WARNING:__main__:USER 4 to 21
WARNING:__main__:USER 5 to 24
WARNING:__main__:USER 6 to 27
WARNING:__main__:USER 7 to 21
WARNING:__main__:USER 8 to 24
WARNING:__main__:USER 9 to 10
WARNING:__main__:USER 10 to 22
WARNING:__main__:USER 11 to 24
WARNING:__main__:USER 12 to 8
WARNING:__main__:USER 13 to 14
WARNING:__main__:USER 14 to 12
WARNING:__main__:USER 15 to 25
WARNING:__main__:USER 16 to 2
WARNING:__main__:USER 17 to 26
WARNING:__main__:USER 18 to 4
WARNING:__main__:USER 19 to 19
WARNING:__main__:USER 20 to 13
WARNING:__main__:USER 21 to 11
WARNING:__main__:USER 22 to 14
WARNING:__main__:USER 23 to 28
WARNING:__main__:USERS TO INIT in t=0 1
WARNING:__main__:USERS IN STATION BEFORE t=0 11
WARNING:__main__:USER 0 to 0
WARNING:__main__:USER 1 to 28
WARNING:__main__:USER 2 to 0
WARNING:__main__:USER 3 to 24
WARNING:__main__:USER 4 to 0
WARNING:__main__:USER 5 to 28
WARNING:__main__:USER 6 to 26
WARNING:__main__:USER 7 to 3
WARNING:__main__:USER 8 to 2
WARNING:__main__:USER 9 to 9
WARNING:__main__:USER 10 to 2
WARNING:__main__:Bazowa lambda to teraz 0.105
ERROR:root:Time : 0 ms, lambda changed to : 0.0525
ERROR:root:Time : 28800 ms, lambda changed to : 0.07875
ERROR:root:Time : 50400 ms, lambda changed to : 0.105
ERROR:root:Time : 64800 ms, lambda changed to : 0.07875
WARNING:__main__:Bazowa lambda to teraz 0.1
ERROR:root:Time : 0 ms, lambda changed to : 0.05
WARNING:__main__:USERS TO INIT in t=0 10
WARNING:__main__:USERS IN STATION BEFORE t=0 19
WARNING:__main__:USER 0 to 20
WARNING:__main__:USER 1 to 4
WARNING:__main__:USER 2 to 11
WARNING:__main__:USER 3 to 16
WARNING:__main__:USER 4 to 7
WARNING:__main__:USER 5 to 26
WARNING:__main__:USER 6 to 28
WARNING:__main__:USER 7 to 26
WARNING:__main__:USER 8 to 0
WARNING:__main__:USER 9 to 6
WARNING:__main__:USER 10 to 8
WARNING:__main__:USER 11 to 8
WARNING:__main__:USER 12 to 13
WARNING:__main__:USER 13 to 23
WARNING:__main__:USER 14 to 15
WARNING:__main__:USER 15 to 3
WARNING:__main__:USER 16 to 12
WARNING:__main__:USER 17 to 14
WARNING:__main__:USER 18 to 20
WARNING:__main__:USERS TO INIT in t=0 19
WARNING:__main__:USERS IN STATION BEFORE t=0 12
WARNING:__main__:USER 0 to 9
WARNING:__main__:USER 1 to 9
WARNING:__main__:USER 2 to 8
WARNING:__main__:USER 3 to 9
WARNING:__main__:USER 4 to 4
WARNING:__main__:USER 5 to 19
WARNING:__main__:USER 6 to 25
WARNING:__main__:USER 7 to 4
WARNING:__main__:USER 8 to 14
WARNING:__main__:USER 9 to 14
WARNING:__main__:USER 10 to 12
WARNING:__main__:USER 11 to 2
WARNING:__main__:USERS TO INIT in t=0 29
WARNING:__main__:USERS IN STATION BEFORE t=0 6
WARNING:__main__:USER 0 to 12
WARNING:__main__:USER 1 to 15
WARNING:__main__:USER 2 to 25
WARNING:__main__:USER 3 to 24
WARNING:__main__:USER 4 to 13
WARNING:__main__:USER 5 to 7
WARNING:__main__:Bazowa lambda to teraz 0.095
ERROR:root:Time : 0 ms, lambda changed to : 0.0475
ERROR:root:Time : 28800 ms, lambda changed to : 0.07125
ERROR:root:Time : 50400 ms, lambda changed to : 0.095
WARNING:__main__:USERS TO INIT in t=0 4
WARNING:__main__:USERS IN STATION BEFORE t=0 6
WARNING:__main__:USER 0 to 26
WARNING:__main__:USER 1 to 11
WARNING:__main__:USER 2 to 16
WARNING:__main__:USER 3 to 6
WARNING:__main__:USER 4 to 23
WARNING:__main__:USER 5 to 1
WARNING:__main__:USERS TO INIT in t=0 2
WARNING:__main__:USERS IN STATION BEFORE t=0 16
WARNING:__main__:USER 0 to 13
WARNING:__main__:USER 1 to 23
WARNING:__main__:USER 2 to 7
WARNING:__main__:USER 3 to 8
WARNING:__main__:USER 4 to 10
WARNING:__main__:USER 5 to 8
WARNING:__main__:USER 6 to 22
WARNING:__main__:USER 7 to 24
WARNING:__main__:USER 8 to 28
WARNING:__main__:USER 9 to 4
WARNING:__main__:USER 10 to 1
WARNING:__main__:USER 11 to 20
WARNING:__main__:USER 12 to 0
WARNING:__main__:USER 13 to 3
WARNING:__main__:USER 14 to 18
WARNING:__main__:USER 15 to 4
WARNING:__main__:USERS TO INIT in t=0 26
WARNING:__main__:USERS IN STATION BEFORE t=0 3
WARNING:__main__:USER 0 to 18
WARNING:__main__:USER 1 to 15
WARNING:__main__:USER 2 to 14
WARNING:__main__:Bazowa lambda to teraz 0.095
ERROR:root:Time : 0 ms, lambda changed to : 0.0475
ERROR:root:Time : 28800 ms, lambda changed to : 0.07125
ERROR:root:Time : 50400 ms, lambda changed to : 0.095
ERROR:root:Time : 64800 ms, lambda changed to : 0.07125
WARNING:__main__:USERS TO INIT in t=0 21
WARNING:__main__:USERS IN STATION BEFORE t=0 7
WARNING:__main__:USER 0 to 9
WARNING:__main__:USER 1 to 16
WARNING:__main__:USER 2 to 14
WARNING:__main__:USER 3 to 9
WARNING:__main__:USER 4 to 19
WARNING:__main__:USER 5 to 0
WARNING:__main__:USER 6 to 16
WARNING:__main__:USERS TO INIT in t=0 24
WARNING:__main__:USERS IN STATION BEFORE t=0 7
WARNING:__main__:USER 0 to 9
WARNING:__main__:USER 1 to 8
WARNING:__main__:USER 2 to 1
WARNING:__main__:USER 3 to 7
WARNING:__main__:USER 4 to 19
WARNING:__main__:USER 5 to 2
WARNING:__main__:USER 6 to 0
WARNING:__main__:USERS TO INIT in t=0 10
WARNING:__main__:USERS IN STATION BEFORE t=0 25
WARNING:__main__:USER 0 to 27
WARNING:__main__:USER 1 to 19
WARNING:__main__:USER 2 to 16
WARNING:__main__:USER 3 to 19
WARNING:__main__:USER 4 to 11
WARNING:__main__:USER 5 to 13
WARNING:__main__:USER 6 to 8
WARNING:__main__:USER 7 to 28
WARNING:__main__:USER 8 to 23
WARNING:__main__:USER 9 to 21
WARNING:__main__:USER 10 to 0
WARNING:__main__:USER 11 to 13
WARNING:__main__:USER 12 to 27
WARNING:__main__:USER 13 to 11
WARNING:__main__:USER 14 to 15
WARNING:__main__:USER 15 to 7
WARNING:__main__:USER 16 to 10
WARNING:__main__:USER 17 to 19
WARNING:__main__:USER 18 to 25
WARNING:__main__:USER 19 to 13
WARNING:__main__:USER 20 to 13
WARNING:__main__:USER 21 to 25
WARNING:__main__:USER 22 to 24
WARNING:__main__:USER 23 to 21
WARNING:__main__:USER 24 to 3
WARNING:__main__:Bazowa lambda to teraz 0.095
ERROR:root:Time : 0 ms, lambda changed to : 0.0475
WARNING:__main__:USERS TO INIT in t=0 10
WARNING:__main__:USERS IN STATION BEFORE t=0 29
WARNING:__main__:USER 0 to 18
WARNING:__main__:USER 1 to 10
WARNING:__main__:USER 2 to 20
WARNING:__main__:USER 3 to 22
WARNING:__main__:USER 4 to 19
WARNING:__main__:USER 5 to 6
WARNING:__main__:USER 6 to 9
WARNING:__main__:USER 7 to 27
WARNING:__main__:USER 8 to 8
WARNING:__main__:USER 9 to 10
WARNING:__main__:USER 10 to 8
WARNING:__main__:USER 11 to 9
WARNING:__main__:USER 12 to 22
WARNING:__main__:USER 13 to 13
WARNING:__main__:USER 14 to 21
WARNING:__main__:USER 15 to 20
WARNING:__main__:USER 16 to 13
WARNING:__main__:USER 17 to 7
WARNING:__main__:USER 18 to 3
WARNING:__main__:USER 19 to 8
WARNING:__main__:USER 20 to 22
WARNING:__main__:USER 21 to 5
WARNING:__main__:USER 22 to 2
WARNING:__main__:USER 23 to 1
WARNING:__main__:USER 24 to 7
WARNING:__main__:USER 25 to 21
WARNING:__main__:USER 26 to 1
WARNING:__main__:USER 27 to 25
WARNING:__main__:USER 28 to 26
WARNING:__main__:USERS TO INIT in t=0 12
WARNING:__main__:USERS IN STATION BEFORE t=0 16
WARNING:__main__:USER 0 to 8
WARNING:__main__:USER 1 to 9
WARNING:__main__:USER 2 to 0
WARNING:__main__:USER 3 to 23
WARNING:__main__:USER 4 to 22
WARNING:__main__:USER 5 to 11
WARNING:__main__:USER 6 to 4
WARNING:__main__:USER 7 to 19
WARNING:__main__:USER 8 to 14
WARNING:__main__:USER 9 to 20
WARNING:__main__:USER 10 to 16
WARNING:__main__:USER 11 to 19
WARNING:__main__:USER 12 to 14
WARNING:__main__:USER 13 to 20
WARNING:__main__:USER 14 to 8
WARNING:__main__:USER 15 to 13
WARNING:__main__:USERS TO INIT in t=0 24
WARNING:__main__:USERS IN STATION BEFORE t=0 20
WARNING:__main__:USER 0 to 15
WARNING:__main__:USER 1 to 7
WARNING:__main__:USER 2 to 25
WARNING:__main__:USER 3 to 14
WARNING:__main__:USER 4 to 21
WARNING:__main__:USER 5 to 7
WARNING:__main__:USER 6 to 19
WARNING:__main__:USER 7 to 18
WARNING:__main__:USER 8 to 24
WARNING:__main__:USER 9 to 12
WARNING:__main__:USER 10 to 28
WARNING:__main__:USER 11 to 0
WARNING:__main__:USER 12 to 7
WARNING:__main__:USER 13 to 13
WARNING:__main__:USER 14 to 11
WARNING:__main__:USER 15 to 6
WARNING:__main__:USER 16 to 27
WARNING:__main__:USER 17 to 15
WARNING:__main__:USER 18 to 22
WARNING:__main__:USER 19 to 19
WARNING:__main__:Bazowa lambda to teraz 0.095
ERROR:root:Time : 0 ms, lambda changed to : 0.0475
WARNING:__main__:USERS TO INIT in t=0 2
WARNING:__main__:USERS IN STATION BEFORE t=0 8
WARNING:__main__:USER 0 to 16
WARNING:__main__:USER 1 to 21
WARNING:__main__:USER 2 to 12
WARNING:__main__:USER 3 to 9
WARNING:__main__:USER 4 to 16
WARNING:__main__:USER 5 to 11
WARNING:__main__:USER 6 to 18
WARNING:__main__:USER 7 to 6
WARNING:__main__:USERS TO INIT in t=0 1
WARNING:__main__:USERS IN STATION BEFORE t=0 15
WARNING:__main__:USER 0 to 25
WARNING:__main__:USER 1 to 10
WARNING:__main__:USER 2 to 9
WARNING:__main__:USER 3 to 5
WARNING:__main__:USER 4 to 10
WARNING:__main__:USER 5 to 1
WARNING:__main__:USER 6 to 7
WARNING:__main__:USER 7 to 3
WARNING:__main__:USER 8 to 18
WARNING:__main__:USER 9 to 10
WARNING:__main__:USER 10 to 1
WARNING:__main__:USER 11 to 14
WARNING:__main__:USER 12 to 6
WARNING:__main__:USER 13 to 23
WARNING:__main__:USER 14 to 17
WARNING:__main__:USERS TO INIT in t=0 9
WARNING:__main__:USERS IN STATION BEFORE t=0 15
WARNING:__main__:USER 0 to 4
WARNING:__main__:USER 1 to 23
WARNING:__main__:USER 2 to 5
WARNING:__main__:USER 3 to 17
WARNING:__main__:USER 4 to 13
WARNING:__main__:USER 5 to 13
WARNING:__main__:USER 6 to 26
WARNING:__main__:USER 7 to 0
WARNING:__main__:USER 8 to 9
WARNING:__main__:USER 9 to 16
WARNING:__main__:USER 10 to 22
WARNING:__main__:USER 11 to 4
WARNING:__main__:USER 12 to 18
WARNING:__main__:USER 13 to 3
WARNING:__main__:USER 14 to 5
WARNING:__main__:Bazowa lambda to teraz 0.095
ERROR:root:Time : 0 ms, lambda changed to : 0.0475
WARNING:__main__:USERS TO INIT in t=0 7
WARNING:__main__:USERS IN STATION BEFORE t=0 22
WARNING:__main__:USER 0 to 19
WARNING:__main__:USER 1 to 27
WARNING:__main__:USER 2 to 5
WARNING:__main__:USER 3 to 25
WARNING:__main__:USER 4 to 19
WARNING:__main__:USER 5 to 15
WARNING:__main__:USER 6 to 21
WARNING:__main__:USER 7 to 4
WARNING:__main__:USER 8 to 14
WARNING:__main__:USER 9 to 27
WARNING:__main__:USER 10 to 21
WARNING:__main__:USER 11 to 20
WARNING:__main__:USER 12 to 28
WARNING:__main__:USER 13 to 28
WARNING:__main__:USER 14 to 15
WARNING:__main__:USER 15 to 12
WARNING:__main__:USER 16 to 19
WARNING:__main__:USER 17 to 9
WARNING:__main__:USER 18 to 4
WARNING:__main__:USER 19 to 4
WARNING:__main__:USER 20 to 2
WARNING:__main__:USER 21 to 26
WARNING:__main__:USERS TO INIT in t=0 2
WARNING:__main__:USERS IN STATION BEFORE t=0 25
WARNING:__main__:USER 0 to 11
WARNING:__main__:USER 1 to 3
WARNING:__main__:USER 2 to 22
WARNING:__main__:USER 3 to 18
WARNING:__main__:USER 4 to 15
WARNING:__main__:USER 5 to 4
WARNING:__main__:USER 6 to 17
WARNING:__main__:USER 7 to 12
WARNING:__main__:USER 8 to 2
WARNING:__main__:USER 9 to 23
WARNING:__main__:USER 10 to 7
WARNING:__main__:USER 11 to 6
WARNING:__main__:USER 12 to 1
WARNING:__main__:USER 13 to 19
WARNING:__main__:USER 14 to 14
WARNING:__main__:USER 15 to 15
WARNING:__main__:USER 16 to 3
WARNING:__main__:USER 17 to 22
WARNING:__main__:USER 18 to 5
WARNING:__main__:USER 19 to 20
WARNING:__main__:USER 20 to 15
WARNING:__main__:USER 21 to 26
WARNING:__main__:USER 22 to 11
WARNING:__main__:USER 23 to 1
WARNING:__main__:USER 24 to 23
WARNING:__main__:USERS TO INIT in t=0 21
WARNING:__main__:USERS IN STATION BEFORE t=0 12
WARNING:__main__:USER 0 to 0
WARNING:__main__:USER 1 to 11
WARNING:__main__:USER 2 to 24
WARNING:__main__:USER 3 to 22
WARNING:__main__:USER 4 to 27
WARNING:__main__:USER 5 to 23
WARNING:__main__:USER 6 to 10
WARNING:__main__:USER 7 to 3
WARNING:__main__:USER 8 to 3
WARNING:__main__:USER 9 to 25
WARNING:__main__:USER 10 to 16
WARNING:__main__:USER 11 to 22
WARNING:__main__:Bazowa lambda to teraz 0.095
ERROR:root:Time : 0 ms, lambda changed to : 0.0475
WARNING:__main__:USERS TO INIT in t=0 15
WARNING:__main__:USERS IN STATION BEFORE t=0 24
WARNING:__main__:USER 0 to 23
WARNING:__main__:USER 1 to 23
WARNING:__main__:USER 2 to 20
WARNING:__main__:USER 3 to 27
WARNING:__main__:USER 4 to 24
WARNING:__main__:USER 5 to 5
WARNING:__main__:USER 6 to 4
WARNING:__main__:USER 7 to 26
WARNING:__main__:USER 8 to 24
WARNING:__main__:USER 9 to 5
WARNING:__main__:USER 10 to 7
WARNING:__main__:USER 11 to 19
WARNING:__main__:USER 12 to 3
WARNING:__main__:USER 13 to 12
WARNING:__main__:USER 14 to 6
WARNING:__main__:USER 15 to 11
WARNING:__main__:USER 16 to 13
WARNING:__main__:USER 17 to 13
WARNING:__main__:USER 18 to 15
WARNING:__main__:USER 19 to 24
WARNING:__main__:USER 20 to 0
WARNING:__main__:USER 21 to 7
WARNING:__main__:USER 22 to 18
WARNING:__main__:USER 23 to 1
WARNING:__main__:USERS TO INIT in t=0 2
WARNING:__main__:USERS IN STATION BEFORE t=0 20
WARNING:__main__:USER 0 to 4
WARNING:__main__:USER 1 to 12
WARNING:__main__:USER 2 to 13
WARNING:__main__:USER 3 to 3
WARNING:__main__:USER 4 to 11
WARNING:__main__:USER 5 to 3
WARNING:__main__:USER 6 to 27
WARNING:__main__:USER 7 to 27
WARNING:__main__:USER 8 to 21
WARNING:__main__:USER 9 to 15
WARNING:__main__:USER 10 to 16
WARNING:__main__:USER 11 to 24
WARNING:__main__:USER 12 to 0
WARNING:__main__:USER 13 to 6
WARNING:__main__:USER 14 to 7
WARNING:__main__:USER 15 to 24
WARNING:__main__:USER 16 to 11
WARNING:__main__:USER 17 to 0
WARNING:__main__:USER 18 to 13
WARNING:__main__:USER 19 to 20
WARNING:__main__:USERS TO INIT in t=0 20
WARNING:__main__:USERS IN STATION BEFORE t=0 22
WARNING:__main__:USER 0 to 4
WARNING:__main__:USER 1 to 5
WARNING:__main__:USER 2 to 13
WARNING:__main__:USER 3 to 21
WARNING:__main__:USER 4 to 27
WARNING:__main__:USER 5 to 2
WARNING:__main__:USER 6 to 28
WARNING:__main__:USER 7 to 15
WARNING:__main__:USER 8 to 9
WARNING:__main__:USER 9 to 22
WARNING:__main__:USER 10 to 4
WARNING:__main__:USER 11 to 0
WARNING:__main__:USER 12 to 14
WARNING:__main__:USER 13 to 20
WARNING:__main__:USER 14 to 19
WARNING:__main__:USER 15 to 28
WARNING:__main__:USER 16 to 6
WARNING:__main__:USER 17 to 2
WARNING:__main__:USER 18 to 10
WARNING:__main__:USER 19 to 22
WARNING:__main__:USER 20 to 10
WARNING:__main__:USER 21 to 0
WARNING:__main__:Bazowa lambda to teraz 0.095
ERROR:root:Time : 0 ms, lambda changed to : 0.0475
WARNING:__main__:USERS TO INIT in t=0 23
WARNING:__main__:USERS IN STATION BEFORE t=0 17
WARNING:__main__:USER 0 to 27
WARNING:__main__:USER 1 to 18
WARNING:__main__:USER 2 to 17
WARNING:__main__:USER 3 to 26
WARNING:__main__:USER 4 to 3
WARNING:__main__:USER 5 to 18
WARNING:__main__:USER 6 to 16
WARNING:__main__:USER 7 to 0
WARNING:__main__:USER 8 to 12
WARNING:__main__:USER 9 to 7
WARNING:__main__:USER 10 to 6
WARNING:__main__:USER 11 to 13
WARNING:__main__:USER 12 to 15
WARNING:__main__:USER 13 to 26
WARNING:__main__:USER 14 to 14
WARNING:__main__:USER 15 to 23
WARNING:__main__:USER 16 to 20
WARNING:__main__:USERS TO INIT in t=0 8
WARNING:__main__:USERS IN STATION BEFORE t=0 11
WARNING:__main__:USER 0 to 10
WARNING:__main__:USER 1 to 4
WARNING:__main__:USER 2 to 13
WARNING:__main__:USER 3 to 13
WARNING:__main__:USER 4 to 0
WARNING:__main__:USER 5 to 0
WARNING:__main__:USER 6 to 9
WARNING:__main__:USER 7 to 10
WARNING:__main__:USER 8 to 6
WARNING:__main__:USER 9 to 16
WARNING:__main__:USER 10 to 6
WARNING:__main__:USERS TO INIT in t=0 4
WARNING:__main__:USERS IN STATION BEFORE t=0 26
WARNING:__main__:USER 0 to 8
WARNING:__main__:USER 1 to 23
WARNING:__main__:USER 2 to 12
WARNING:__main__:USER 3 to 25
WARNING:__main__:USER 4 to 0
WARNING:__main__:USER 5 to 25
WARNING:__main__:USER 6 to 9
WARNING:__main__:USER 7 to 16
WARNING:__main__:USER 8 to 5
WARNING:__main__:USER 9 to 10
WARNING:__main__:USER 10 to 13
WARNING:__main__:USER 11 to 16
WARNING:__main__:USER 12 to 19
WARNING:__main__:USER 13 to 20
WARNING:__main__:USER 14 to 9
WARNING:__main__:USER 15 to 12
WARNING:__main__:USER 16 to 2
WARNING:__main__:USER 17 to 1
WARNING:__main__:USER 18 to 26
WARNING:__main__:USER 19 to 19
WARNING:__main__:USER 20 to 2
WARNING:__main__:USER 21 to 7
WARNING:__main__:USER 22 to 16
WARNING:__main__:USER 23 to 9
WARNING:__main__:USER 24 to 5
WARNING:__main__:USER 25 to 2
WARNING:__main__:Bazowa lambda to teraz 0.095
ERROR:root:Time : 0 ms, lambda changed to : 0.0475
WARNING:__main__:USERS TO INIT in t=0 19
WARNING:__main__:USERS IN STATION BEFORE t=0 14
WARNING:__main__:USER 0 to 7
WARNING:__main__:USER 1 to 25
WARNING:__main__:USER 2 to 7
WARNING:__main__:USER 3 to 14
WARNING:__main__:USER 4 to 19
WARNING:__main__:USER 5 to 14
WARNING:__main__:USER 6 to 9
WARNING:__main__:USER 7 to 12
WARNING:__main__:USER 8 to 0
WARNING:__main__:USER 9 to 8
WARNING:__main__:USER 10 to 5
WARNING:__main__:USER 11 to 27
WARNING:__main__:USER 12 to 23
WARNING:__main__:USER 13 to 14
WARNING:__main__:USERS TO INIT in t=0 18
WARNING:__main__:USERS IN STATION BEFORE t=0 8
WARNING:__main__:USER 0 to 23
WARNING:__main__:USER 1 to 18
WARNING:__main__:USER 2 to 8
WARNING:__main__:USER 3 to 17
WARNING:__main__:USER 4 to 15
WARNING:__main__:USER 5 to 9
WARNING:__main__:USER 6 to 19
WARNING:__main__:USER 7 to 6
WARNING:__main__:USERS TO INIT in t=0 29
WARNING:__main__:USERS IN STATION BEFORE t=0 23
WARNING:__main__:USER 0 to 11
WARNING:__main__:USER 1 to 26
WARNING:__main__:USER 2 to 3
WARNING:__main__:USER 3 to 8
WARNING:__main__:USER 4 to 28
WARNING:__main__:USER 5 to 6
WARNING:__main__:USER 6 to 9
WARNING:__main__:USER 7 to 16
WARNING:__main__:USER 8 to 7
WARNING:__main__:USER 9 to 26
WARNING:__main__:USER 10 to 1
WARNING:__main__:USER 11 to 3
WARNING:__main__:USER 12 to 8
WARNING:__main__:USER 13 to 19
WARNING:__main__:USER 14 to 1
WARNING:__main__:USER 15 to 13
WARNING:__main__:USER 16 to 10
WARNING:__main__:USER 17 to 0
WARNING:__main__:USER 18 to 0
WARNING:__main__:USER 19 to 7
WARNING:__main__:USER 20 to 22
WARNING:__main__:USER 21 to 19
WARNING:__main__:USER 22 to 9
WARNING:__main__:Bazowa lambda to teraz 0.095
ERROR:root:Time : 0 ms, lambda changed to : 0.0475
WARNING:__main__:USERS TO INIT in t=0 23
WARNING:__main__:USERS IN STATION BEFORE t=0 22
WARNING:__main__:USER 0 to 8
WARNING:__main__:USER 1 to 0
WARNING:__main__:USER 2 to 6
WARNING:__main__:USER 3 to 10
WARNING:__main__:USER 4 to 28
WARNING:__main__:USER 5 to 12
WARNING:__main__:USER 6 to 19
WARNING:__main__:USER 7 to 22
WARNING:__main__:USER 8 to 24
WARNING:__main__:USER 9 to 22
WARNING:__main__:USER 10 to 23
WARNING:__main__:USER 11 to 2
WARNING:__main__:USER 12 to 10
WARNING:__main__:USER 13 to 14
WARNING:__main__:USER 14 to 19
WARNING:__main__:USER 15 to 0
WARNING:__main__:USER 16 to 9
WARNING:__main__:USER 17 to 4
WARNING:__main__:USER 18 to 1
WARNING:__main__:USER 19 to 18
WARNING:__main__:USER 20 to 1
WARNING:__main__:USER 21 to 0
WARNING:__main__:USERS TO INIT in t=0 17
WARNING:__main__:USERS IN STATION BEFORE t=0 23
WARNING:__main__:USER 0 to 21
WARNING:__main__:USER 1 to 17
WARNING:__main__:USER 2 to 7
WARNING:__main__:USER 3 to 16
WARNING:__main__:USER 4 to 26
WARNING:__main__:USER 5 to 26
WARNING:__main__:USER 6 to 2
WARNING:__main__:USER 7 to 17
WARNING:__main__:USER 8 to 16
WARNING:__main__:USER 9 to 26
WARNING:__main__:USER 10 to 9
WARNING:__main__:USER 11 to 18
WARNING:__main__:USER 12 to 28
WARNING:__main__:USER 13 to 4
WARNING:__main__:USER 14 to 12
WARNING:__main__:USER 15 to 27
WARNING:__main__:USER 16 to 20
WARNING:__main__:USER 17 to 0
WARNING:__main__:USER 18 to 2
WARNING:__main__:USER 19 to 22
WARNING:__main__:USER 20 to 8
WARNING:__main__:USER 21 to 24
WARNING:__main__:USER 22 to 6
WARNING:__main__:USERS TO INIT in t=0 25
WARNING:__main__:USERS IN STATION BEFORE t=0 6
WARNING:__main__:USER 0 to 21
WARNING:__main__:USER 1 to 7
WARNING:__main__:USER 2 to 11
WARNING:__main__:USER 3 to 1
WARNING:__main__:USER 4 to 9
WARNING:__main__:USER 5 to 10
WARNING:__main__:Bazowa lambda to teraz 0.095
ERROR:root:Time : 0 ms, lambda changed to : 0.0475
WARNING:__main__:USERS TO INIT in t=0 27
WARNING:__main__:USERS IN STATION BEFORE t=0 2
WARNING:__main__:USER 0 to 7
WARNING:__main__:USER 1 to 3
WARNING:__main__:USERS TO INIT in t=0 20
WARNING:__main__:USERS IN STATION BEFORE t=0 27
WARNING:__main__:USER 0 to 8
WARNING:__main__:USER 1 to 16
WARNING:__main__:USER 2 to 24
WARNING:__main__:USER 3 to 3
WARNING:__main__:USER 4 to 8
WARNING:__main__:USER 5 to 6
WARNING:__main__:USER 6 to 6
WARNING:__main__:USER 7 to 22
WARNING:__main__:USER 8 to 23
WARNING:__main__:USER 9 to 9
WARNING:__main__:USER 10 to 25
WARNING:__main__:USER 11 to 15
WARNING:__main__:USER 12 to 0
WARNING:__main__:USER 13 to 14
WARNING:__main__:USER 14 to 8
WARNING:__main__:USER 15 to 20
WARNING:__main__:USER 16 to 11
WARNING:__main__:USER 17 to 14
WARNING:__main__:USER 18 to 6
WARNING:__main__:USER 19 to 24
WARNING:__main__:USER 20 to 6
WARNING:__main__:USER 21 to 22
WARNING:__main__:USER 22 to 5
WARNING:__main__:USER 23 to 20
WARNING:__main__:USER 24 to 0
WARNING:__main__:USER 25 to 22
WARNING:__main__:USER 26 to 26
WARNING:__main__:USERS TO INIT in t=0 26
WARNING:__main__:USERS IN STATION BEFORE t=0 2
WARNING:__main__:USER 0 to 20
WARNING:__main__:USER 1 to 21
WARNING:__main__:Bazowa lambda to teraz 0.095
ERROR:root:Time : 0 ms, lambda changed to : 0.0475
WARNING:__main__:USERS TO INIT in t=0 24
WARNING:__main__:USERS IN STATION BEFORE t=0 10
WARNING:__main__:USER 0 to 25
WARNING:__main__:USER 1 to 20
WARNING:__main__:USER 2 to 4
WARNING:__main__:USER 3 to 24
WARNING:__main__:USER 4 to 27
WARNING:__main__:USER 5 to 26
WARNING:__main__:USER 6 to 13
WARNING:__main__:USER 7 to 1
WARNING:__main__:USER 8 to 6
WARNING:__main__:USER 9 to 2
WARNING:__main__:USERS TO INIT in t=0 13
WARNING:__main__:USERS IN STATION BEFORE t=0 13
WARNING:__main__:USER 0 to 8
WARNING:__main__:USER 1 to 12
WARNING:__main__:USER 2 to 17
WARNING:__main__:USER 3 to 20
WARNING:__main__:USER 4 to 11
WARNING:__main__:USER 5 to 0
WARNING:__main__:USER 6 to 23
WARNING:__main__:USER 7 to 27
WARNING:__main__:USER 8 to 8
WARNING:__main__:USER 9 to 17
WARNING:__main__:USER 10 to 19
WARNING:__main__:USER 11 to 18
WARNING:__main__:USER 12 to 17
WARNING:__main__:USERS TO INIT in t=0 28
WARNING:__main__:USERS IN STATION BEFORE t=0 3
WARNING:__main__:USER 0 to 4
WARNING:__main__:USER 1 to 13
WARNING:__main__:USER 2 to 16
WARNING:__main__:Bazowa lambda to teraz 0.095
ERROR:root:Time : 0 ms, lambda changed to : 0.0475
ERROR:root:Time : 28800 ms, lambda changed to : 0.07125
ERROR:root:Time : 50400 ms, lambda changed to : 0.095
ERROR:root:Time : 64800 ms, lambda changed to : 0.07125
WARNING:__main__:Bazowa lambda to teraz 0.09
ERROR:root:Time : 0 ms, lambda changed to : 0.045
WARNING:__main__:USERS TO INIT in t=0 8
WARNING:__main__:USERS IN STATION BEFORE t=0 1
WARNING:__main__:USER 0 to 24
WARNING:__main__:USERS TO INIT in t=0 13
WARNING:__main__:USERS IN STATION BEFORE t=0 16
WARNING:__main__:USER 0 to 21
WARNING:__main__:USER 1 to 6
WARNING:__main__:USER 2 to 18
WARNING:__main__:USER 3 to 26
WARNING:__main__:USER 4 to 8
WARNING:__main__:USER 5 to 22
WARNING:__main__:USER 6 to 2
WARNING:__main__:USER 7 to 21
WARNING:__main__:USER 8 to 16
WARNING:__main__:USER 9 to 4
WARNING:__main__:USER 10 to 1
WARNING:__main__:USER 11 to 27
WARNING:__main__:USER 12 to 14
WARNING:__main__:USER 13 to 0
WARNING:__main__:USER 14 to 12
WARNING:__main__:USER 15 to 22
WARNING:__main__:USERS TO INIT in t=0 20
WARNING:__main__:USERS IN STATION BEFORE t=0 17
WARNING:__main__:USER 0 to 3
WARNING:__main__:USER 1 to 1
WARNING:__main__:USER 2 to 10
WARNING:__main__:USER 3 to 6
WARNING:__main__:USER 4 to 3
WARNING:__main__:USER 5 to 17
WARNING:__main__:USER 6 to 24
WARNING:__main__:USER 7 to 20
WARNING:__main__:USER 8 to 6
WARNING:__main__:USER 9 to 15
WARNING:__main__:USER 10 to 9
WARNING:__main__:USER 11 to 15
WARNING:__main__:USER 12 to 4
WARNING:__main__:USER 13 to 12
WARNING:__main__:USER 14 to 14
WARNING:__main__:USER 15 to 2
WARNING:__main__:USER 16 to 0
WARNING:__main__:Bazowa lambda to teraz 0.095
ERROR:root:Time : 0 ms, lambda changed to : 0.0475
ERROR:root:Time : 28800 ms, lambda changed to : 0.07125
ERROR:root:Time : 50400 ms, lambda changed to : 0.095
ERROR:root:Time : 64800 ms, lambda changed to : 0.07125
WARNING:__main__:USERS TO INIT in t=0 3
WARNING:__main__:USERS IN STATION BEFORE t=0 13
WARNING:__main__:USER 0 to 28
WARNING:__main__:USER 1 to 1
WARNING:__main__:USER 2 to 15
WARNING:__main__:USER 3 to 25
WARNING:__main__:USER 4 to 9
WARNING:__main__:USER 5 to 7
WARNING:__main__:USER 6 to 12
WARNING:__main__:USER 7 to 17
WARNING:__main__:USER 8 to 18
WARNING:__main__:USER 9 to 20
WARNING:__main__:USER 10 to 8
WARNING:__main__:USER 11 to 17
WARNING:__main__:USER 12 to 25
WARNING:__main__:USERS TO INIT in t=0 29
WARNING:__main__:USERS IN STATION BEFORE t=0 21
WARNING:__main__:USER 0 to 16
WARNING:__main__:USER 1 to 27
WARNING:__main__:USER 2 to 3
WARNING:__main__:USER 3 to 18
WARNING:__main__:USER 4 to 18
WARNING:__main__:USER 5 to 0
WARNING:__main__:USER 6 to 7
WARNING:__main__:USER 7 to 5
WARNING:__main__:USER 8 to 7
WARNING:__main__:USER 9 to 7
WARNING:__main__:USER 10 to 5
WARNING:__main__:USER 11 to 15
WARNING:__main__:USER 12 to 20
WARNING:__main__:USER 13 to 21
WARNING:__main__:USER 14 to 2
WARNING:__main__:USER 15 to 1
WARNING:__main__:USER 16 to 3
WARNING:__main__:USER 17 to 6
WARNING:__main__:USER 18 to 28
WARNING:__main__:USER 19 to 8
WARNING:__main__:USER 20 to 3
WARNING:__main__:USERS TO INIT in t=0 21
WARNING:__main__:USERS IN STATION BEFORE t=0 8
WARNING:__main__:USER 0 to 15
WARNING:__main__:USER 1 to 27
WARNING:__main__:USER 2 to 14
WARNING:__main__:USER 3 to 25
WARNING:__main__:USER 4 to 9
WARNING:__main__:USER 5 to 1
WARNING:__main__:USER 6 to 17
WARNING:__main__:USER 7 to 8
WARNING:__main__:Bazowa lambda to teraz 0.095
ERROR:root:Time : 0 ms, lambda changed to : 0.0475
ERROR:root:Time : 28800 ms, lambda changed to : 0.07125
ERROR:root:Time : 50400 ms, lambda changed to : 0.095
ERROR:root:Time : 64800 ms, lambda changed to : 0.07125
WARNING:__main__:USERS TO INIT in t=0 6
WARNING:__main__:USERS IN STATION BEFORE t=0 4
WARNING:__main__:USER 0 to 0
WARNING:__main__:USER 1 to 15
WARNING:__main__:USER 2 to 22
WARNING:__main__:USER 3 to 6
WARNING:__main__:USERS TO INIT in t=0 23
WARNING:__main__:USERS IN STATION BEFORE t=0 5
WARNING:__main__:USER 0 to 15
WARNING:__main__:USER 1 to 22
WARNING:__main__:USER 2 to 22
WARNING:__main__:USER 3 to 27
WARNING:__main__:USER 4 to 10
WARNING:__main__:USERS TO INIT in t=0 9
WARNING:__main__:USERS IN STATION BEFORE t=0 2
WARNING:__main__:USER 0 to 21
WARNING:__main__:USER 1 to 6
WARNING:__main__:Bazowa lambda to teraz 0.095
ERROR:root:Time : 0 ms, lambda changed to : 0.0475
WARNING:__main__:USERS TO INIT in t=0 15
WARNING:__main__:USERS IN STATION BEFORE t=0 11
WARNING:__main__:USER 0 to 16
WARNING:__main__:USER 1 to 1
WARNING:__main__:USER 2 to 28
WARNING:__main__:USER 3 to 21
WARNING:__main__:USER 4 to 13
WARNING:__main__:USER 5 to 4
WARNING:__main__:USER 6 to 9
WARNING:__main__:USER 7 to 23
WARNING:__main__:USER 8 to 13
WARNING:__main__:USER 9 to 13
WARNING:__main__:USER 10 to 23
WARNING:__main__:USERS TO INIT in t=0 12
WARNING:__main__:USERS IN STATION BEFORE t=0 27
WARNING:__main__:USER 0 to 1
WARNING:__main__:USER 1 to 3
WARNING:__main__:USER 2 to 19
WARNING:__main__:USER 3 to 21
WARNING:__main__:USER 4 to 18
WARNING:__main__:USER 5 to 24
WARNING:__main__:USER 6 to 11
WARNING:__main__:USER 7 to 4
WARNING:__main__:USER 8 to 16
WARNING:__main__:USER 9 to 26
WARNING:__main__:USER 10 to 13
WARNING:__main__:USER 11 to 4
WARNING:__main__:USER 12 to 8
WARNING:__main__:USER 13 to 19
WARNING:__main__:USER 14 to 16
WARNING:__main__:USER 15 to 5
WARNING:__main__:USER 16 to 8
WARNING:__main__:USER 17 to 18
WARNING:__main__:USER 18 to 13
WARNING:__main__:USER 19 to 27
WARNING:__main__:USER 20 to 22
WARNING:__main__:USER 21 to 8
WARNING:__main__:USER 22 to 13
WARNING:__main__:USER 23 to 1
WARNING:__main__:USER 24 to 25
WARNING:__main__:USER 25 to 23
WARNING:__main__:USER 26 to 7
WARNING:__main__:USERS TO INIT in t=0 15
WARNING:__main__:USERS IN STATION BEFORE t=0 27
WARNING:__main__:USER 0 to 17
WARNING:__main__:USER 1 to 6
WARNING:__main__:USER 2 to 9
WARNING:__main__:USER 3 to 24
WARNING:__main__:USER 4 to 11
WARNING:__main__:USER 5 to 18
WARNING:__main__:USER 6 to 8
WARNING:__main__:USER 7 to 27
WARNING:__main__:USER 8 to 17
WARNING:__main__:USER 9 to 21
WARNING:__main__:USER 10 to 10
WARNING:__main__:USER 11 to 21
WARNING:__main__:USER 12 to 3
WARNING:__main__:USER 13 to 8
WARNING:__main__:USER 14 to 20
WARNING:__main__:USER 15 to 4
WARNING:__main__:USER 16 to 5
WARNING:__main__:USER 17 to 22
WARNING:__main__:USER 18 to 25
WARNING:__main__:USER 19 to 3
WARNING:__main__:USER 20 to 2
WARNING:__main__:USER 21 to 22
WARNING:__main__:USER 22 to 12
WARNING:__main__:USER 23 to 15
WARNING:__main__:USER 24 to 8
WARNING:__main__:USER 25 to 10
WARNING:__main__:USER 26 to 2
WARNING:__main__:Bazowa lambda to teraz 0.095
ERROR:root:Time : 0 ms, lambda changed to : 0.0475
ERROR:root:Time : 28800 ms, lambda changed to : 0.07125
ERROR:root:Time : 50400 ms, lambda changed to : 0.095
ERROR:root:Time : 64800 ms, lambda changed to : 0.07125
